<?xml version="1.0" encoding="UTF-8"?>
<testng-results skipped="0" failed="0" ignored="2" total="3" passed="1">
  <reporter-output>
  </reporter-output>
  <suite name="Default suite" duration-ms="158102" started-at="2020-01-08T12:47:16 SGT" finished-at="2020-01-08T12:49:54 SGT">
    <groups>
    </groups>
    <test name="Default test" duration-ms="158102" started-at="2020-01-08T12:47:16 SGT" finished-at="2020-01-08T12:49:54 SGT">
      <class name="bluAndroid.bluAndroid.TestScripts.WalletTestRunner">
        <test-method status="PASS" signature="SetUp()[pri:0, instance:bluAndroid.bluAndroid.TestScripts.WalletTestRunner@7cbd213e]" name="SetUp" is-config="true" duration-ms="141" started-at="2020-01-08T12:47:16 SGT" finished-at="2020-01-08T12:47:16 SGT">
          <reporter-output>
          </reporter-output>
        </test-method> <!-- SetUp -->
        <test-method status="PASS" signature="preCondition()[pri:0, instance:bluAndroid.bluAndroid.TestScripts.WalletTestRunner@7cbd213e]" name="preCondition" is-config="true" duration-ms="42168" started-at="2020-01-08T12:47:16 SGT" finished-at="2020-01-08T12:47:58 SGT">
          <reporter-output>
          </reporter-output>
        </test-method> <!-- preCondition -->
        <test-method status="PASS" signature="tc03_transactionDetails()[pri:0, instance:bluAndroid.bluAndroid.TestScripts.WalletTestRunner@7cbd213e]" name="tc03_transactionDetails" duration-ms="113783" started-at="2020-01-08T12:47:58 SGT" finished-at="2020-01-08T12:49:52 SGT">
          <reporter-output>
          </reporter-output>
        </test-method> <!-- tc03_transactionDetails -->
        <test-method status="PASS" signature="getResult(org.testng.ITestResult)[pri:0, instance:bluAndroid.bluAndroid.TestScripts.WalletTestRunner@7cbd213e]" name="getResult" is-config="true" duration-ms="2117" started-at="2020-01-08T12:49:52 SGT" finished-at="2020-01-08T12:49:54 SGT">
          <params>
            <param index="0">
              <value>
                <![CDATA[[TestResult name=tc03_transactionDetails status=SUCCESS method=WalletTestRunner.tc03_transactionDetails()[pri:0, instance:bluAndroid.bluAndroid.TestScripts.WalletTestRunner@7cbd213e] output={null}]]]>
              </value>
            </param>
          </params>
          <reporter-output>
          </reporter-output>
        </test-method> <!-- getResult -->
        <test-method status="PASS" signature="tearDown()[pri:0, instance:bluAndroid.bluAndroid.TestScripts.WalletTestRunner@7cbd213e]" name="tearDown" is-config="true" duration-ms="538" started-at="2020-01-08T12:49:54 SGT" finished-at="2020-01-08T12:49:55 SGT">
          <reporter-output>
          </reporter-output>
        </test-method> <!-- tearDown -->
      </class> <!-- bluAndroid.bluAndroid.TestScripts.WalletTestRunner -->
    </test> <!-- Default test -->
  </suite> <!-- Default suite -->
</testng-results>
