<?xml version="1.0" encoding="UTF-8"?>
<!-- Generated by org.testng.reporters.JUnitXMLReporter -->
<testsuite hostname="BLU-LP-00004" ignored="4" name="Default test" tests="1" failures="1" timestamp="2020-01-08T18:04:24 SGT" time="113.628" errors="0">
  <testcase name="@AfterMethod getResult" time="0.276" classname="bluAndroid.bluAndroid.TestScripts.WalletTestRunner">
    <failure type="org.openqa.selenium.NoSuchSessionException" message="A session is either terminated or not started
Build info: version: &amp;apos;3.141.59&amp;apos;, revision: &amp;apos;e82be7d358&amp;apos;, time: &amp;apos;2018-11-14T08:17:03&amp;apos;
System info: host: &amp;apos;BLU-LP-00004&amp;apos;, ip: &amp;apos;192.168.0.124&amp;apos;, os.name: &amp;apos;Windows 10&amp;apos;, os.arch: &amp;apos;amd64&amp;apos;, os.version: &amp;apos;10.0&amp;apos;, java.version: &amp;apos;1.8.0_221&amp;apos;
Driver info: io.appium.java_client.android.AndroidDriver
Capabilities {appActivity: sg.com.blu.android.features..., appPackage: sg.com.blu.android.uat, databaseEnabled: false, desired: {appActivity: sg.com.blu.android.features..., appPackage: sg.com.blu.android.uat, deviceName: Galaxy S8+, platformName: android, platformVersion: 8.0.0, resetKeyboard: true, udid: ce031713d5fad93001, unicodeKeyboard: true}, deviceManufacturer: samsung, deviceModel: SM-G955F, deviceName: ce031713d5fad93001, deviceScreenSize: 1440x2960, deviceUDID: ce031713d5fad93001, javascriptEnabled: true, locationContextEnabled: false, networkConnectionEnabled: true, platform: LINUX, platformName: Android, platformVersion: 8.0.0, resetKeyboard: true, takesScreenshot: true, udid: ce031713d5fad93001, unicodeKeyboard: true, warnings: {}, webStorageEnabled: false}
Session ID: 7055a7ee-e819-4622-8a9b-a728872e14cd">
      <![CDATA[org.openqa.selenium.NoSuchSessionException: A session is either terminated or not started
Build info: version: '3.141.59', revision: 'e82be7d358', time: '2018-11-14T08:17:03'
System info: host: 'BLU-LP-00004', ip: '192.168.0.124', os.name: 'Windows 10', os.arch: 'amd64', os.version: '10.0', java.version: '1.8.0_221'
Driver info: io.appium.java_client.android.AndroidDriver
Capabilities {appActivity: sg.com.blu.android.features..., appPackage: sg.com.blu.android.uat, databaseEnabled: false, desired: {appActivity: sg.com.blu.android.features..., appPackage: sg.com.blu.android.uat, deviceName: Galaxy S8+, platformName: android, platformVersion: 8.0.0, resetKeyboard: true, udid: ce031713d5fad93001, unicodeKeyboard: true}, deviceManufacturer: samsung, deviceModel: SM-G955F, deviceName: ce031713d5fad93001, deviceScreenSize: 1440x2960, deviceUDID: ce031713d5fad93001, javascriptEnabled: true, locationContextEnabled: false, networkConnectionEnabled: true, platform: LINUX, platformName: Android, platformVersion: 8.0.0, resetKeyboard: true, takesScreenshot: true, udid: ce031713d5fad93001, unicodeKeyboard: true, warnings: {}, webStorageEnabled: false}
Session ID: 7055a7ee-e819-4622-8a9b-a728872e14cd
at sun.reflect.NativeConstructorAccessorImpl.newInstance0(Native Method)
at sun.reflect.NativeConstructorAccessorImpl.newInstance(Unknown Source)
at sun.reflect.DelegatingConstructorAccessorImpl.newInstance(Unknown Source)
at java.lang.reflect.Constructor.newInstance(Unknown Source)
at org.openqa.selenium.remote.http.W3CHttpResponseCodec.createException(W3CHttpResponseCodec.java:187)
at org.openqa.selenium.remote.http.W3CHttpResponseCodec.decode(W3CHttpResponseCodec.java:122)
at org.openqa.selenium.remote.http.W3CHttpResponseCodec.decode(W3CHttpResponseCodec.java:49)
at org.openqa.selenium.remote.HttpCommandExecutor.execute(HttpCommandExecutor.java:158)
at io.appium.java_client.remote.AppiumCommandExecutor.execute(AppiumCommandExecutor.java:239)
at org.openqa.selenium.remote.RemoteWebDriver.execute(RemoteWebDriver.java:552)
at io.appium.java_client.DefaultGenericMobileDriver.execute(DefaultGenericMobileDriver.java:45)
at io.appium.java_client.AppiumDriver.execute(AppiumDriver.java:1)
at io.appium.java_client.android.AndroidDriver.execute(AndroidDriver.java:1)
at org.openqa.selenium.remote.RemoteWebDriver.getScreenshotAs(RemoteWebDriver.java:295)
at bluAndroid.bluAndroid.util.CommonUtil.takesScreenShotFailed(CommonUtil.java:57)
at bluAndroid.bluAndroid.TestScripts.WalletTestRunner.getResult(WalletTestRunner.java:152)
at sun.reflect.NativeMethodAccessorImpl.invoke0(Native Method)
at sun.reflect.NativeMethodAccessorImpl.invoke(Unknown Source)
at sun.reflect.DelegatingMethodAccessorImpl.invoke(Unknown Source)
at java.lang.reflect.Method.invoke(Unknown Source)
at org.testng.internal.MethodInvocationHelper.invokeMethod(MethodInvocationHelper.java:133)
at org.testng.internal.MethodInvocationHelper.invokeMethodConsideringTimeout(MethodInvocationHelper.java:62)
at org.testng.internal.ConfigInvoker.invokeConfigurationMethod(ConfigInvoker.java:340)
at org.testng.internal.ConfigInvoker.invokeConfigurations(ConfigInvoker.java:294)
at org.testng.internal.TestInvoker.runConfigMethods(TestInvoker.java:683)
at org.testng.internal.TestInvoker.runAfterGroupsConfigurations(TestInvoker.java:658)
at org.testng.internal.TestInvoker.invokeMethod(TestInvoker.java:642)
at org.testng.internal.TestInvoker.invokeTestMethod(TestInvoker.java:172)
at org.testng.internal.MethodRunner.runInSequence(MethodRunner.java:46)
at org.testng.internal.TestInvoker$MethodInvocationAgent.invoke(TestInvoker.java:804)
at org.testng.internal.TestInvoker.invokeTestMethods(TestInvoker.java:145)
at org.testng.internal.TestMethodWorker.invokeTestMethods(TestMethodWorker.java:146)
at org.testng.internal.TestMethodWorker.run(TestMethodWorker.java:128)
at java.util.ArrayList.forEach(Unknown Source)
at org.testng.TestRunner.privateRun(TestRunner.java:770)
at org.testng.TestRunner.run(TestRunner.java:591)
at org.testng.SuiteRunner.runTest(SuiteRunner.java:402)
at org.testng.SuiteRunner.runSequentially(SuiteRunner.java:396)
at org.testng.SuiteRunner.privateRun(SuiteRunner.java:355)
at org.testng.SuiteRunner.run(SuiteRunner.java:304)
at org.testng.SuiteRunnerWorker.runSuite(SuiteRunnerWorker.java:53)
at org.testng.SuiteRunnerWorker.run(SuiteRunnerWorker.java:96)
at org.testng.TestNG.runSuitesSequentially(TestNG.java:1180)
at org.testng.TestNG.runSuitesLocally(TestNG.java:1102)
at org.testng.TestNG.runSuites(TestNG.java:1032)
at org.testng.TestNG.run(TestNG.java:1000)
at org.testng.remote.AbstractRemoteTestNG.run(AbstractRemoteTestNG.java:115)
at org.testng.remote.RemoteTestNG.initAndRun(RemoteTestNG.java:251)
at org.testng.remote.RemoteTestNG.main(RemoteTestNG.java:77)
]]>
    </failure>
  </testcase> <!-- @AfterMethod getResult -->
  <testcase name="tc02_paymentMethods" time="71.101" classname="bluAndroid.bluAndroid.TestScripts.WalletTestRunner">
    <failure type="org.openqa.selenium.WebDriverException" message="An unknown server-side error occurred while processing the command. Original error: Android bootstrap socket crashed: Error: This socket has been ended by the other party
Build info: version: &amp;apos;3.141.59&amp;apos;, revision: &amp;apos;e82be7d358&amp;apos;, time: &amp;apos;2018-11-14T08:17:03&amp;apos;
System info: host: &amp;apos;BLU-LP-00004&amp;apos;, ip: &amp;apos;192.168.0.124&amp;apos;, os.name: &amp;apos;Windows 10&amp;apos;, os.arch: &amp;apos;amd64&amp;apos;, os.version: &amp;apos;10.0&amp;apos;, java.version: &amp;apos;1.8.0_221&amp;apos;
Driver info: io.appium.java_client.android.AndroidDriver
Capabilities {appActivity: sg.com.blu.android.features..., appPackage: sg.com.blu.android.uat, databaseEnabled: false, desired: {appActivity: sg.com.blu.android.features..., appPackage: sg.com.blu.android.uat, deviceName: Galaxy S8+, platformName: android, platformVersion: 8.0.0, resetKeyboard: true, udid: ce031713d5fad93001, unicodeKeyboard: true}, deviceManufacturer: samsung, deviceModel: SM-G955F, deviceName: ce031713d5fad93001, deviceScreenSize: 1440x2960, deviceUDID: ce031713d5fad93001, javascriptEnabled: true, locationContextEnabled: false, networkConnectionEnabled: true, platform: LINUX, platformName: Android, platformVersion: 8.0.0, resetKeyboard: true, takesScreenshot: true, udid: ce031713d5fad93001, unicodeKeyboard: true, warnings: {}, webStorageEnabled: false}
Session ID: 7055a7ee-e819-4622-8a9b-a728872e14cd
*** Element info: {Using=id, value=sg.com.blu.android.uat:id/cardNumberTextView}">
      <![CDATA[org.openqa.selenium.WebDriverException: An unknown server-side error occurred while processing the command. Original error: Android bootstrap socket crashed: Error: This socket has been ended by the other party
Build info: version: '3.141.59', revision: 'e82be7d358', time: '2018-11-14T08:17:03'
System info: host: 'BLU-LP-00004', ip: '192.168.0.124', os.name: 'Windows 10', os.arch: 'amd64', os.version: '10.0', java.version: '1.8.0_221'
Driver info: io.appium.java_client.android.AndroidDriver
Capabilities {appActivity: sg.com.blu.android.features..., appPackage: sg.com.blu.android.uat, databaseEnabled: false, desired: {appActivity: sg.com.blu.android.features..., appPackage: sg.com.blu.android.uat, deviceName: Galaxy S8+, platformName: android, platformVersion: 8.0.0, resetKeyboard: true, udid: ce031713d5fad93001, unicodeKeyboard: true}, deviceManufacturer: samsung, deviceModel: SM-G955F, deviceName: ce031713d5fad93001, deviceScreenSize: 1440x2960, deviceUDID: ce031713d5fad93001, javascriptEnabled: true, locationContextEnabled: false, networkConnectionEnabled: true, platform: LINUX, platformName: Android, platformVersion: 8.0.0, resetKeyboard: true, takesScreenshot: true, udid: ce031713d5fad93001, unicodeKeyboard: true, warnings: {}, webStorageEnabled: false}
Session ID: 7055a7ee-e819-4622-8a9b-a728872e14cd
*** Element info: {Using=id, value=sg.com.blu.android.uat:id/cardNumberTextView}
at sun.reflect.NativeConstructorAccessorImpl.newInstance0(Native Method)
at sun.reflect.NativeConstructorAccessorImpl.newInstance(Unknown Source)
at sun.reflect.DelegatingConstructorAccessorImpl.newInstance(Unknown Source)
at java.lang.reflect.Constructor.newInstance(Unknown Source)
at org.openqa.selenium.remote.http.W3CHttpResponseCodec.createException(W3CHttpResponseCodec.java:187)
at org.openqa.selenium.remote.http.W3CHttpResponseCodec.decode(W3CHttpResponseCodec.java:122)
at org.openqa.selenium.remote.http.W3CHttpResponseCodec.decode(W3CHttpResponseCodec.java:49)
at org.openqa.selenium.remote.HttpCommandExecutor.execute(HttpCommandExecutor.java:158)
at io.appium.java_client.remote.AppiumCommandExecutor.execute(AppiumCommandExecutor.java:239)
at org.openqa.selenium.remote.RemoteWebDriver.execute(RemoteWebDriver.java:552)
at io.appium.java_client.DefaultGenericMobileDriver.execute(DefaultGenericMobileDriver.java:41)
at io.appium.java_client.AppiumDriver.execute(AppiumDriver.java:1)
at io.appium.java_client.android.AndroidDriver.execute(AndroidDriver.java:1)
at org.openqa.selenium.remote.RemoteWebDriver.findElement(RemoteWebDriver.java:323)
at io.appium.java_client.DefaultGenericMobileDriver.findElement(DefaultGenericMobileDriver.java:61)
at io.appium.java_client.AppiumDriver.findElement(AppiumDriver.java:1)
at io.appium.java_client.android.AndroidDriver.findElement(AndroidDriver.java:1)
at org.openqa.selenium.remote.RemoteWebDriver.findElementById(RemoteWebDriver.java:372)
at io.appium.java_client.DefaultGenericMobileDriver.findElementById(DefaultGenericMobileDriver.java:69)
at io.appium.java_client.AppiumDriver.findElementById(AppiumDriver.java:1)
at io.appium.java_client.android.AndroidDriver.findElementById(AndroidDriver.java:1)
at org.openqa.selenium.By$ById.findElement(By.java:188)
at org.openqa.selenium.remote.RemoteWebDriver.findElement(RemoteWebDriver.java:315)
at io.appium.java_client.DefaultGenericMobileDriver.findElement(DefaultGenericMobileDriver.java:57)
at io.appium.java_client.AppiumDriver.findElement(AppiumDriver.java:1)
at io.appium.java_client.android.AndroidDriver.findElement(AndroidDriver.java:1)
at bluAndroid.bluAndroid.pageObjects.Wallet.cardTextView1(Wallet.java:163)
at bluAndroid.bluAndroid.TestScripts.WalletTestRunner.tc02_paymentMethods(WalletTestRunner.java:84)
at sun.reflect.NativeMethodAccessorImpl.invoke0(Native Method)
at sun.reflect.NativeMethodAccessorImpl.invoke(Unknown Source)
at sun.reflect.DelegatingMethodAccessorImpl.invoke(Unknown Source)
at java.lang.reflect.Method.invoke(Unknown Source)
at org.testng.internal.MethodInvocationHelper.invokeMethod(MethodInvocationHelper.java:133)
at org.testng.internal.TestInvoker.invokeMethod(TestInvoker.java:584)
at org.testng.internal.TestInvoker.invokeTestMethod(TestInvoker.java:172)
at org.testng.internal.MethodRunner.runInSequence(MethodRunner.java:46)
at org.testng.internal.TestInvoker$MethodInvocationAgent.invoke(TestInvoker.java:804)
at org.testng.internal.TestInvoker.invokeTestMethods(TestInvoker.java:145)
at org.testng.internal.TestMethodWorker.invokeTestMethods(TestMethodWorker.java:146)
at org.testng.internal.TestMethodWorker.run(TestMethodWorker.java:128)
at java.util.ArrayList.forEach(Unknown Source)
at org.testng.TestRunner.privateRun(TestRunner.java:770)
at org.testng.TestRunner.run(TestRunner.java:591)
at org.testng.SuiteRunner.runTest(SuiteRunner.java:402)
at org.testng.SuiteRunner.runSequentially(SuiteRunner.java:396)
at org.testng.SuiteRunner.privateRun(SuiteRunner.java:355)
at org.testng.SuiteRunner.run(SuiteRunner.java:304)
at org.testng.SuiteRunnerWorker.runSuite(SuiteRunnerWorker.java:53)
at org.testng.SuiteRunnerWorker.run(SuiteRunnerWorker.java:96)
at org.testng.TestNG.runSuitesSequentially(TestNG.java:1180)
at org.testng.TestNG.runSuitesLocally(TestNG.java:1102)
at org.testng.TestNG.runSuites(TestNG.java:1032)
at org.testng.TestNG.run(TestNG.java:1000)
at org.testng.remote.AbstractRemoteTestNG.run(AbstractRemoteTestNG.java:115)
at org.testng.remote.RemoteTestNG.initAndRun(RemoteTestNG.java:251)
at org.testng.remote.RemoteTestNG.main(RemoteTestNG.java:77)
]]>
    </failure>
  </testcase> <!-- tc02_paymentMethods -->
  <testcase name="tc02_removePaymentMethods" time="0.0" classname="bluAndroid.bluAndroid.TestScripts.WalletTestRunner">
    <ignored/>
  </testcase> <!-- tc02_removePaymentMethods -->
  <testcase name="tc01_topUpWallet" time="0.0" classname="bluAndroid.bluAndroid.TestScripts.WalletTestRunner">
    <ignored/>
  </testcase> <!-- tc01_topUpWallet -->
  <testcase name="tc03_transactionDetails" time="0.0" classname="bluAndroid.bluAndroid.TestScripts.WalletTestRunner">
    <ignored/>
  </testcase> <!-- tc03_transactionDetails -->
  <testcase name="tc04_sendReceipt" time="0.0" classname="bluAndroid.bluAndroid.TestScripts.WalletTestRunner">
    <ignored/>
  </testcase> <!-- tc04_sendReceipt -->
</testsuite> <!-- Default test -->
