<?xml version="1.0" encoding="UTF-8"?>
<!-- Generated by org.testng.reporters.JUnitXMLReporter -->
<testsuite hostname="BLU-LP-00004" ignored="10" name="order" tests="47" failures="0" timestamp="2020-01-08T14:38:24 SGT" time="6.397" errors="0">
  <testcase name="@BeforeMethod preCondition" time="1.64" classname="bluAndroid.bluAndroid.TestScripts.BluLoginTestRunner">
    <failure type="org.openqa.selenium.WebDriverException" message="Connection refused: connect
Build info: version: &amp;apos;3.141.59&amp;apos;, revision: &amp;apos;e82be7d358&amp;apos;, time: &amp;apos;2018-11-14T08:17:03&amp;apos;
System info: host: &amp;apos;BLU-LP-00004&amp;apos;, ip: &amp;apos;192.168.0.124&amp;apos;, os.name: &amp;apos;Windows 10&amp;apos;, os.arch: &amp;apos;amd64&amp;apos;, os.version: &amp;apos;10.0&amp;apos;, java.version: &amp;apos;1.8.0_221&amp;apos;
Driver info: driver.version: AndroidDriver">
      <![CDATA[org.openqa.selenium.WebDriverException: Connection refused: connect
Build info: version: '3.141.59', revision: 'e82be7d358', time: '2018-11-14T08:17:03'
System info: host: 'BLU-LP-00004', ip: '192.168.0.124', os.name: 'Windows 10', os.arch: 'amd64', os.version: '10.0', java.version: '1.8.0_221'
Driver info: driver.version: AndroidDriver
at io.appium.java_client.remote.AppiumCommandExecutor.lambda$5(AppiumCommandExecutor.java:251)
at java.util.Optional.orElseGet(Unknown Source)
at io.appium.java_client.remote.AppiumCommandExecutor.execute(AppiumCommandExecutor.java:250)
at org.openqa.selenium.remote.RemoteWebDriver.execute(RemoteWebDriver.java:552)
at io.appium.java_client.DefaultGenericMobileDriver.execute(DefaultGenericMobileDriver.java:41)
at io.appium.java_client.AppiumDriver.execute(AppiumDriver.java:1)
at io.appium.java_client.android.AndroidDriver.execute(AndroidDriver.java:1)
at org.openqa.selenium.remote.RemoteWebDriver.startSession(RemoteWebDriver.java:213)
at io.appium.java_client.AppiumDriver.startSession(AppiumDriver.java:336)
at org.openqa.selenium.remote.RemoteWebDriver.<init>(RemoteWebDriver.java:131)
at io.appium.java_client.DefaultGenericMobileDriver.<init>(DefaultGenericMobileDriver.java:37)
at io.appium.java_client.AppiumDriver.<init>(AppiumDriver.java:88)
at io.appium.java_client.AppiumDriver.<init>(AppiumDriver.java:98)
at io.appium.java_client.android.AndroidDriver.<init>(AndroidDriver.java:94)
at bluAndroid.bluAndroid.util.BaseClass.getAppCapabilities(BaseClass.java:39)
at bluAndroid.bluAndroid.TestScripts.BluLoginTestRunner.preCondition(BluLoginTestRunner.java:37)
at java.util.ArrayList.forEach(Unknown Source)
Caused by: java.net.ConnectException: Connection refused: connect
at java.net.DualStackPlainSocketImpl.waitForConnect(Native Method)
at java.net.DualStackPlainSocketImpl.socketConnect(Unknown Source)
at java.net.AbstractPlainSocketImpl.doConnect(Unknown Source)
at java.net.AbstractPlainSocketImpl.connectToAddress(Unknown Source)
at java.net.AbstractPlainSocketImpl.connect(Unknown Source)
at java.net.PlainSocketImpl.connect(Unknown Source)
at java.net.SocksSocketImpl.connect(Unknown Source)
at java.net.Socket.connect(Unknown Source)
at okhttp3.internal.platform.Platform.connectSocket(Platform.java:129)
at okhttp3.internal.connection.RealConnection.connectSocket(RealConnection.java:245)
at okhttp3.internal.connection.RealConnection.connect(RealConnection.java:165)
at okhttp3.internal.connection.StreamAllocation.findConnection(StreamAllocation.java:257)
at okhttp3.internal.connection.StreamAllocation.findHealthyConnection(StreamAllocation.java:135)
at okhttp3.internal.connection.StreamAllocation.newStream(StreamAllocation.java:114)
at okhttp3.internal.connection.ConnectInterceptor.intercept(ConnectInterceptor.java:42)
at okhttp3.internal.http.RealInterceptorChain.proceed(RealInterceptorChain.java:147)
at okhttp3.internal.http.RealInterceptorChain.proceed(RealInterceptorChain.java:121)
at okhttp3.internal.cache.CacheInterceptor.intercept(CacheInterceptor.java:93)
at okhttp3.internal.http.RealInterceptorChain.proceed(RealInterceptorChain.java:147)
at okhttp3.internal.http.RealInterceptorChain.proceed(RealInterceptorChain.java:121)
at okhttp3.internal.http.BridgeInterceptor.intercept(BridgeInterceptor.java:93)
at okhttp3.internal.http.RealInterceptorChain.proceed(RealInterceptorChain.java:147)
at okhttp3.internal.http.RetryAndFollowUpInterceptor.intercept(RetryAndFollowUpInterceptor.java:126)
at okhttp3.internal.http.RealInterceptorChain.proceed(RealInterceptorChain.java:147)
at okhttp3.internal.http.RealInterceptorChain.proceed(RealInterceptorChain.java:121)
at okhttp3.RealCall.getResponseWithInterceptorChain(RealCall.java:200)
at okhttp3.RealCall.execute(RealCall.java:77)
at org.openqa.selenium.remote.internal.OkHttpClient.execute(OkHttpClient.java:103)
at org.openqa.selenium.remote.ProtocolHandshake.createSession(ProtocolHandshake.java:105)
at io.appium.java_client.remote.AppiumCommandExecutor$1.createSession(AppiumCommandExecutor.java:186)
at io.appium.java_client.remote.AppiumCommandExecutor.createSession(AppiumCommandExecutor.java:217)
at io.appium.java_client.remote.AppiumCommandExecutor.execute(AppiumCommandExecutor.java:239)
... 45 more
... Removed 35 stack frames]]>
    </failure>
  </testcase> <!-- @BeforeMethod preCondition -->
  <testcase name="@AfterMethod getResult" time="-1.578465500125E9" classname="bluAndroid.bluAndroid.TestScripts.BluLoginTestRunner">
    <skipped/>
  </testcase> <!-- @AfterMethod getResult -->
  <testcase name="@BeforeMethod preCondition" time="-1.578465500127E9" classname="bluAndroid.bluAndroid.TestScripts.BluLoginTestRunner">
    <skipped/>
  </testcase> <!-- @BeforeMethod preCondition -->
  <testcase name="@AfterMethod getResult" time="-1.578465500133E9" classname="bluAndroid.bluAndroid.TestScripts.BluLoginTestRunner">
    <skipped/>
  </testcase> <!-- @AfterMethod getResult -->
  <testcase name="@BeforeMethod preCondition" time="-1.578465500136E9" classname="bluAndroid.bluAndroid.TestScripts.BluLoginTestRunner">
    <skipped/>
  </testcase> <!-- @BeforeMethod preCondition -->
  <testcase name="@AfterMethod getResult" time="-1.578465500146E9" classname="bluAndroid.bluAndroid.TestScripts.BluLoginTestRunner">
    <skipped/>
  </testcase> <!-- @AfterMethod getResult -->
  <testcase name="@BeforeMethod preCondition" time="-1.578465500149E9" classname="bluAndroid.bluAndroid.TestScripts.BluLoginTestRunner">
    <skipped/>
  </testcase> <!-- @BeforeMethod preCondition -->
  <testcase name="@AfterMethod getResult" time="-1.57846550016E9" classname="bluAndroid.bluAndroid.TestScripts.BluLoginTestRunner">
    <skipped/>
  </testcase> <!-- @AfterMethod getResult -->
  <testcase name="@BeforeMethod preCondition" time="-1.578465500166E9" classname="bluAndroid.bluAndroid.TestScripts.BluLoginTestRunner">
    <skipped/>
  </testcase> <!-- @BeforeMethod preCondition -->
  <testcase name="@AfterMethod getResult" time="-1.578465500182E9" classname="bluAndroid.bluAndroid.TestScripts.BluLoginTestRunner">
    <skipped/>
  </testcase> <!-- @AfterMethod getResult -->
  <testcase name="@BeforeMethod preCondition" time="-1.578465500185E9" classname="bluAndroid.bluAndroid.TestScripts.BluLoginTestRunner">
    <skipped/>
  </testcase> <!-- @BeforeMethod preCondition -->
  <testcase name="@AfterMethod getResult" time="-1.578465500191E9" classname="bluAndroid.bluAndroid.TestScripts.BluLoginTestRunner">
    <skipped/>
  </testcase> <!-- @AfterMethod getResult -->
  <testcase name="@BeforeMethod preCondition" time="-1.578465500192E9" classname="bluAndroid.bluAndroid.TestScripts.BluLoginTestRunner">
    <skipped/>
  </testcase> <!-- @BeforeMethod preCondition -->
  <testcase name="@AfterMethod getResult" time="-1.578465500275E9" classname="bluAndroid.bluAndroid.TestScripts.BluLoginTestRunner">
    <skipped/>
  </testcase> <!-- @AfterMethod getResult -->
  <testcase name="@BeforeMethod preCondition" time="-1.578465500279E9" classname="bluAndroid.bluAndroid.TestScripts.BluLoginTestRunner">
    <skipped/>
  </testcase> <!-- @BeforeMethod preCondition -->
  <testcase name="@AfterMethod getResult" time="-1.578465500292E9" classname="bluAndroid.bluAndroid.TestScripts.BluLoginTestRunner">
    <skipped/>
  </testcase> <!-- @AfterMethod getResult -->
  <testcase name="@BeforeMethod preCondition" time="-1.578465500298E9" classname="bluAndroid.bluAndroid.TestScripts.BluLoginTestRunner">
    <skipped/>
  </testcase> <!-- @BeforeMethod preCondition -->
  <testcase name="@AfterMethod getResult" time="-1.578465500313E9" classname="bluAndroid.bluAndroid.TestScripts.BluLoginTestRunner">
    <skipped/>
  </testcase> <!-- @AfterMethod getResult -->
  <testcase name="@BeforeMethod preCondition" time="-1.578465500321E9" classname="bluAndroid.bluAndroid.TestScripts.BluLoginTestRunner">
    <skipped/>
  </testcase> <!-- @BeforeMethod preCondition -->
  <testcase name="@AfterMethod getResult" time="-1.578465500337E9" classname="bluAndroid.bluAndroid.TestScripts.BluLoginTestRunner">
    <skipped/>
  </testcase> <!-- @AfterMethod getResult -->
  <testcase name="@BeforeMethod preCondition" time="1.016" classname="bluAndroid.bluAndroid.TestScripts.BluSignUpTestRunner">
    <failure type="org.openqa.selenium.WebDriverException" message="Connection refused: connect
Build info: version: &amp;apos;3.141.59&amp;apos;, revision: &amp;apos;e82be7d358&amp;apos;, time: &amp;apos;2018-11-14T08:17:03&amp;apos;
System info: host: &amp;apos;BLU-LP-00004&amp;apos;, ip: &amp;apos;192.168.0.124&amp;apos;, os.name: &amp;apos;Windows 10&amp;apos;, os.arch: &amp;apos;amd64&amp;apos;, os.version: &amp;apos;10.0&amp;apos;, java.version: &amp;apos;1.8.0_221&amp;apos;
Driver info: driver.version: AndroidDriver">
      <![CDATA[org.openqa.selenium.WebDriverException: Connection refused: connect
Build info: version: '3.141.59', revision: 'e82be7d358', time: '2018-11-14T08:17:03'
System info: host: 'BLU-LP-00004', ip: '192.168.0.124', os.name: 'Windows 10', os.arch: 'amd64', os.version: '10.0', java.version: '1.8.0_221'
Driver info: driver.version: AndroidDriver
at io.appium.java_client.remote.AppiumCommandExecutor.lambda$5(AppiumCommandExecutor.java:251)
at java.util.Optional.orElseGet(Unknown Source)
at io.appium.java_client.remote.AppiumCommandExecutor.execute(AppiumCommandExecutor.java:250)
at org.openqa.selenium.remote.RemoteWebDriver.execute(RemoteWebDriver.java:552)
at io.appium.java_client.DefaultGenericMobileDriver.execute(DefaultGenericMobileDriver.java:41)
at io.appium.java_client.AppiumDriver.execute(AppiumDriver.java:1)
at io.appium.java_client.android.AndroidDriver.execute(AndroidDriver.java:1)
at org.openqa.selenium.remote.RemoteWebDriver.startSession(RemoteWebDriver.java:213)
at io.appium.java_client.AppiumDriver.startSession(AppiumDriver.java:336)
at org.openqa.selenium.remote.RemoteWebDriver.<init>(RemoteWebDriver.java:131)
at io.appium.java_client.DefaultGenericMobileDriver.<init>(DefaultGenericMobileDriver.java:37)
at io.appium.java_client.AppiumDriver.<init>(AppiumDriver.java:88)
at io.appium.java_client.AppiumDriver.<init>(AppiumDriver.java:98)
at io.appium.java_client.android.AndroidDriver.<init>(AndroidDriver.java:94)
at bluAndroid.bluAndroid.util.BaseClass.getAppCapabilities(BaseClass.java:39)
at bluAndroid.bluAndroid.TestScripts.BluSignUpTestRunner.preCondition(BluSignUpTestRunner.java:46)
at java.util.ArrayList.forEach(Unknown Source)
Caused by: java.net.ConnectException: Connection refused: connect
at java.net.DualStackPlainSocketImpl.waitForConnect(Native Method)
at java.net.DualStackPlainSocketImpl.socketConnect(Unknown Source)
at java.net.AbstractPlainSocketImpl.doConnect(Unknown Source)
at java.net.AbstractPlainSocketImpl.connectToAddress(Unknown Source)
at java.net.AbstractPlainSocketImpl.connect(Unknown Source)
at java.net.PlainSocketImpl.connect(Unknown Source)
at java.net.SocksSocketImpl.connect(Unknown Source)
at java.net.Socket.connect(Unknown Source)
at okhttp3.internal.platform.Platform.connectSocket(Platform.java:129)
at okhttp3.internal.connection.RealConnection.connectSocket(RealConnection.java:245)
at okhttp3.internal.connection.RealConnection.connect(RealConnection.java:165)
at okhttp3.internal.connection.StreamAllocation.findConnection(StreamAllocation.java:257)
at okhttp3.internal.connection.StreamAllocation.findHealthyConnection(StreamAllocation.java:135)
at okhttp3.internal.connection.StreamAllocation.newStream(StreamAllocation.java:114)
at okhttp3.internal.connection.ConnectInterceptor.intercept(ConnectInterceptor.java:42)
at okhttp3.internal.http.RealInterceptorChain.proceed(RealInterceptorChain.java:147)
at okhttp3.internal.http.RealInterceptorChain.proceed(RealInterceptorChain.java:121)
at okhttp3.internal.cache.CacheInterceptor.intercept(CacheInterceptor.java:93)
at okhttp3.internal.http.RealInterceptorChain.proceed(RealInterceptorChain.java:147)
at okhttp3.internal.http.RealInterceptorChain.proceed(RealInterceptorChain.java:121)
at okhttp3.internal.http.BridgeInterceptor.intercept(BridgeInterceptor.java:93)
at okhttp3.internal.http.RealInterceptorChain.proceed(RealInterceptorChain.java:147)
at okhttp3.internal.http.RetryAndFollowUpInterceptor.intercept(RetryAndFollowUpInterceptor.java:126)
at okhttp3.internal.http.RealInterceptorChain.proceed(RealInterceptorChain.java:147)
at okhttp3.internal.http.RealInterceptorChain.proceed(RealInterceptorChain.java:121)
at okhttp3.RealCall.getResponseWithInterceptorChain(RealCall.java:200)
at okhttp3.RealCall.execute(RealCall.java:77)
at org.openqa.selenium.remote.internal.OkHttpClient.execute(OkHttpClient.java:103)
at org.openqa.selenium.remote.ProtocolHandshake.createSession(ProtocolHandshake.java:105)
at io.appium.java_client.remote.AppiumCommandExecutor$1.createSession(AppiumCommandExecutor.java:186)
at io.appium.java_client.remote.AppiumCommandExecutor.createSession(AppiumCommandExecutor.java:217)
at io.appium.java_client.remote.AppiumCommandExecutor.execute(AppiumCommandExecutor.java:239)
... 45 more
... Removed 35 stack frames]]>
    </failure>
  </testcase> <!-- @BeforeMethod preCondition -->
  <testcase name="@AfterMethod getResult" time="-1.578465501388E9" classname="bluAndroid.bluAndroid.TestScripts.BluSignUpTestRunner">
    <skipped/>
  </testcase> <!-- @AfterMethod getResult -->
  <testcase name="@BeforeMethod preCondition" time="-1.578465501389E9" classname="bluAndroid.bluAndroid.TestScripts.BluSignUpTestRunner">
    <skipped/>
  </testcase> <!-- @BeforeMethod preCondition -->
  <testcase name="@AfterMethod getResult" time="-1.578465501393E9" classname="bluAndroid.bluAndroid.TestScripts.BluSignUpTestRunner">
    <skipped/>
  </testcase> <!-- @AfterMethod getResult -->
  <testcase name="@BeforeMethod preCondition" time="-1.578465501395E9" classname="bluAndroid.bluAndroid.TestScripts.BluSignUpTestRunner">
    <skipped/>
  </testcase> <!-- @BeforeMethod preCondition -->
  <testcase name="@AfterMethod getResult" time="-1.578465501405E9" classname="bluAndroid.bluAndroid.TestScripts.BluSignUpTestRunner">
    <skipped/>
  </testcase> <!-- @AfterMethod getResult -->
  <testcase name="@BeforeMethod preCondition" time="-1.578465501409E9" classname="bluAndroid.bluAndroid.TestScripts.BluSignUpTestRunner">
    <skipped/>
  </testcase> <!-- @BeforeMethod preCondition -->
  <testcase name="@AfterMethod getResult" time="-1.578465501413E9" classname="bluAndroid.bluAndroid.TestScripts.BluSignUpTestRunner">
    <skipped/>
  </testcase> <!-- @AfterMethod getResult -->
  <testcase name="@BeforeMethod preCondition" time="-1.578465501417E9" classname="bluAndroid.bluAndroid.TestScripts.BluSignUpTestRunner">
    <skipped/>
  </testcase> <!-- @BeforeMethod preCondition -->
  <testcase name="@AfterMethod getResult" time="-1.578465501434E9" classname="bluAndroid.bluAndroid.TestScripts.BluSignUpTestRunner">
    <skipped/>
  </testcase> <!-- @AfterMethod getResult -->
  <testcase name="@BeforeMethod preCondition" time="-1.578465501439E9" classname="bluAndroid.bluAndroid.TestScripts.BluSignUpTestRunner">
    <skipped/>
  </testcase> <!-- @BeforeMethod preCondition -->
  <testcase name="@AfterMethod getResult" time="-1.578465501448E9" classname="bluAndroid.bluAndroid.TestScripts.BluSignUpTestRunner">
    <skipped/>
  </testcase> <!-- @AfterMethod getResult -->
  <testcase name="@BeforeMethod preCondition" time="-1.57846550145E9" classname="bluAndroid.bluAndroid.TestScripts.BluSignUpTestRunner">
    <skipped/>
  </testcase> <!-- @BeforeMethod preCondition -->
  <testcase name="@AfterMethod getResult" time="-1.578465501465E9" classname="bluAndroid.bluAndroid.TestScripts.BluSignUpTestRunner">
    <skipped/>
  </testcase> <!-- @AfterMethod getResult -->
  <testcase name="@BeforeMethod preCondition" time="-1.578465501471E9" classname="bluAndroid.bluAndroid.TestScripts.BluSignUpTestRunner">
    <skipped/>
  </testcase> <!-- @BeforeMethod preCondition -->
  <testcase name="@AfterMethod getResult" time="-1.578465501482E9" classname="bluAndroid.bluAndroid.TestScripts.BluSignUpTestRunner">
    <skipped/>
  </testcase> <!-- @AfterMethod getResult -->
  <testcase name="@BeforeMethod preCondition" time="-1.578465501486E9" classname="bluAndroid.bluAndroid.TestScripts.BluSignUpTestRunner">
    <skipped/>
  </testcase> <!-- @BeforeMethod preCondition -->
  <testcase name="@AfterMethod getResult" time="-1.578465501499E9" classname="bluAndroid.bluAndroid.TestScripts.BluSignUpTestRunner">
    <skipped/>
  </testcase> <!-- @AfterMethod getResult -->
  <testcase name="@BeforeMethod preCondition" time="-1.578465501506E9" classname="bluAndroid.bluAndroid.TestScripts.BluSignUpTestRunner">
    <skipped/>
  </testcase> <!-- @BeforeMethod preCondition -->
  <testcase name="@AfterMethod getResult" time="-1.578465501516E9" classname="bluAndroid.bluAndroid.TestScripts.BluSignUpTestRunner">
    <skipped/>
  </testcase> <!-- @AfterMethod getResult -->
  <testcase name="@BeforeMethod preCondition" time="-1.578465501525E9" classname="bluAndroid.bluAndroid.TestScripts.BluSignUpTestRunner">
    <skipped/>
  </testcase> <!-- @BeforeMethod preCondition -->
  <testcase name="@AfterMethod getResult" time="-1.578465501538E9" classname="bluAndroid.bluAndroid.TestScripts.BluSignUpTestRunner">
    <skipped/>
  </testcase> <!-- @AfterMethod getResult -->
  <testcase name="@BeforeMethod preCondition" time="-1.578465501541E9" classname="bluAndroid.bluAndroid.TestScripts.BluSignUpTestRunner">
    <skipped/>
  </testcase> <!-- @BeforeMethod preCondition -->
  <testcase name="@AfterMethod getResult" time="-1.578465501553E9" classname="bluAndroid.bluAndroid.TestScripts.BluSignUpTestRunner">
    <skipped/>
  </testcase> <!-- @AfterMethod getResult -->
  <testcase name="@BeforeMethod preCondition" time="-1.578465501557E9" classname="bluAndroid.bluAndroid.TestScripts.BluSignUpTestRunner">
    <skipped/>
  </testcase> <!-- @BeforeMethod preCondition -->
  <testcase name="@AfterMethod getResult" time="-1.578465501565E9" classname="bluAndroid.bluAndroid.TestScripts.BluSignUpTestRunner">
    <skipped/>
  </testcase> <!-- @AfterMethod getResult -->
  <testcase name="@BeforeMethod preCondition" time="-1.578465501568E9" classname="bluAndroid.bluAndroid.TestScripts.BluSignUpTestRunner">
    <skipped/>
  </testcase> <!-- @BeforeMethod preCondition -->
  <testcase name="@AfterMethod getResult" time="-1.578465501573E9" classname="bluAndroid.bluAndroid.TestScripts.BluSignUpTestRunner">
    <skipped/>
  </testcase> <!-- @AfterMethod getResult -->
  <testcase name="@BeforeMethod preCondition" time="-1.578465501575E9" classname="bluAndroid.bluAndroid.TestScripts.BluSignUpTestRunner">
    <skipped/>
  </testcase> <!-- @BeforeMethod preCondition -->
  <testcase name="@AfterMethod getResult" time="-1.57846550158E9" classname="bluAndroid.bluAndroid.TestScripts.BluSignUpTestRunner">
    <skipped/>
  </testcase> <!-- @AfterMethod getResult -->
  <testcase name="@BeforeMethod preCondition" time="-1.578465501581E9" classname="bluAndroid.bluAndroid.TestScripts.BluSignUpTestRunner">
    <skipped/>
  </testcase> <!-- @BeforeMethod preCondition -->
  <testcase name="@AfterMethod getResult" time="-1.578465501591E9" classname="bluAndroid.bluAndroid.TestScripts.BluSignUpTestRunner">
    <skipped/>
  </testcase> <!-- @AfterMethod getResult -->
  <testcase name="@BeforeMethod preCondition" time="-1.578465501593E9" classname="bluAndroid.bluAndroid.TestScripts.BluSignUpTestRunner">
    <skipped/>
  </testcase> <!-- @BeforeMethod preCondition -->
  <testcase name="@AfterMethod getResult" time="-1.578465501598E9" classname="bluAndroid.bluAndroid.TestScripts.BluSignUpTestRunner">
    <skipped/>
  </testcase> <!-- @AfterMethod getResult -->
  <testcase name="@BeforeMethod preCondition" time="-1.578465501599E9" classname="bluAndroid.bluAndroid.TestScripts.BluSignUpTestRunner">
    <skipped/>
  </testcase> <!-- @BeforeMethod preCondition -->
  <testcase name="@AfterMethod getResult" time="-1.578465501614E9" classname="bluAndroid.bluAndroid.TestScripts.BluSignUpTestRunner">
    <skipped/>
  </testcase> <!-- @AfterMethod getResult -->
  <testcase name="@BeforeMethod preCondition" time="1.013" classname="bluAndroid.bluAndroid.TestScripts.BluMyDetailsTestRunner">
    <failure type="org.openqa.selenium.WebDriverException" message="Connection refused: connect
Build info: version: &amp;apos;3.141.59&amp;apos;, revision: &amp;apos;e82be7d358&amp;apos;, time: &amp;apos;2018-11-14T08:17:03&amp;apos;
System info: host: &amp;apos;BLU-LP-00004&amp;apos;, ip: &amp;apos;192.168.0.124&amp;apos;, os.name: &amp;apos;Windows 10&amp;apos;, os.arch: &amp;apos;amd64&amp;apos;, os.version: &amp;apos;10.0&amp;apos;, java.version: &amp;apos;1.8.0_221&amp;apos;
Driver info: driver.version: AndroidDriver">
      <![CDATA[org.openqa.selenium.WebDriverException: Connection refused: connect
Build info: version: '3.141.59', revision: 'e82be7d358', time: '2018-11-14T08:17:03'
System info: host: 'BLU-LP-00004', ip: '192.168.0.124', os.name: 'Windows 10', os.arch: 'amd64', os.version: '10.0', java.version: '1.8.0_221'
Driver info: driver.version: AndroidDriver
at io.appium.java_client.remote.AppiumCommandExecutor.lambda$5(AppiumCommandExecutor.java:251)
at java.util.Optional.orElseGet(Unknown Source)
at io.appium.java_client.remote.AppiumCommandExecutor.execute(AppiumCommandExecutor.java:250)
at org.openqa.selenium.remote.RemoteWebDriver.execute(RemoteWebDriver.java:552)
at io.appium.java_client.DefaultGenericMobileDriver.execute(DefaultGenericMobileDriver.java:41)
at io.appium.java_client.AppiumDriver.execute(AppiumDriver.java:1)
at io.appium.java_client.android.AndroidDriver.execute(AndroidDriver.java:1)
at org.openqa.selenium.remote.RemoteWebDriver.startSession(RemoteWebDriver.java:213)
at io.appium.java_client.AppiumDriver.startSession(AppiumDriver.java:336)
at org.openqa.selenium.remote.RemoteWebDriver.<init>(RemoteWebDriver.java:131)
at io.appium.java_client.DefaultGenericMobileDriver.<init>(DefaultGenericMobileDriver.java:37)
at io.appium.java_client.AppiumDriver.<init>(AppiumDriver.java:88)
at io.appium.java_client.AppiumDriver.<init>(AppiumDriver.java:98)
at io.appium.java_client.android.AndroidDriver.<init>(AndroidDriver.java:94)
at bluAndroid.bluAndroid.util.BaseClass.getAppCapabilities(BaseClass.java:39)
at bluAndroid.bluAndroid.TestScripts.BluMyDetailsTestRunner.preCondition(BluMyDetailsTestRunner.java:38)
at java.util.ArrayList.forEach(Unknown Source)
Caused by: java.net.ConnectException: Connection refused: connect
at java.net.DualStackPlainSocketImpl.waitForConnect(Native Method)
at java.net.DualStackPlainSocketImpl.socketConnect(Unknown Source)
at java.net.AbstractPlainSocketImpl.doConnect(Unknown Source)
at java.net.AbstractPlainSocketImpl.connectToAddress(Unknown Source)
at java.net.AbstractPlainSocketImpl.connect(Unknown Source)
at java.net.PlainSocketImpl.connect(Unknown Source)
at java.net.SocksSocketImpl.connect(Unknown Source)
at java.net.Socket.connect(Unknown Source)
at okhttp3.internal.platform.Platform.connectSocket(Platform.java:129)
at okhttp3.internal.connection.RealConnection.connectSocket(RealConnection.java:245)
at okhttp3.internal.connection.RealConnection.connect(RealConnection.java:165)
at okhttp3.internal.connection.StreamAllocation.findConnection(StreamAllocation.java:257)
at okhttp3.internal.connection.StreamAllocation.findHealthyConnection(StreamAllocation.java:135)
at okhttp3.internal.connection.StreamAllocation.newStream(StreamAllocation.java:114)
at okhttp3.internal.connection.ConnectInterceptor.intercept(ConnectInterceptor.java:42)
at okhttp3.internal.http.RealInterceptorChain.proceed(RealInterceptorChain.java:147)
at okhttp3.internal.http.RealInterceptorChain.proceed(RealInterceptorChain.java:121)
at okhttp3.internal.cache.CacheInterceptor.intercept(CacheInterceptor.java:93)
at okhttp3.internal.http.RealInterceptorChain.proceed(RealInterceptorChain.java:147)
at okhttp3.internal.http.RealInterceptorChain.proceed(RealInterceptorChain.java:121)
at okhttp3.internal.http.BridgeInterceptor.intercept(BridgeInterceptor.java:93)
at okhttp3.internal.http.RealInterceptorChain.proceed(RealInterceptorChain.java:147)
at okhttp3.internal.http.RetryAndFollowUpInterceptor.intercept(RetryAndFollowUpInterceptor.java:126)
at okhttp3.internal.http.RealInterceptorChain.proceed(RealInterceptorChain.java:147)
at okhttp3.internal.http.RealInterceptorChain.proceed(RealInterceptorChain.java:121)
at okhttp3.RealCall.getResponseWithInterceptorChain(RealCall.java:200)
at okhttp3.RealCall.execute(RealCall.java:77)
at org.openqa.selenium.remote.internal.OkHttpClient.execute(OkHttpClient.java:103)
at org.openqa.selenium.remote.ProtocolHandshake.createSession(ProtocolHandshake.java:105)
at io.appium.java_client.remote.AppiumCommandExecutor$1.createSession(AppiumCommandExecutor.java:186)
at io.appium.java_client.remote.AppiumCommandExecutor.createSession(AppiumCommandExecutor.java:217)
at io.appium.java_client.remote.AppiumCommandExecutor.execute(AppiumCommandExecutor.java:239)
... 45 more
... Removed 35 stack frames]]>
    </failure>
  </testcase> <!-- @BeforeMethod preCondition -->
  <testcase name="@AfterMethod getResult" time="-1.578465502642E9" classname="bluAndroid.bluAndroid.TestScripts.BluMyDetailsTestRunner">
    <skipped/>
  </testcase> <!-- @AfterMethod getResult -->
  <testcase name="@BeforeMethod preCondition" time="-1.578465502645E9" classname="bluAndroid.bluAndroid.TestScripts.BluMyDetailsTestRunner">
    <skipped/>
  </testcase> <!-- @BeforeMethod preCondition -->
  <testcase name="@AfterMethod getResult" time="-1.57846550265E9" classname="bluAndroid.bluAndroid.TestScripts.BluMyDetailsTestRunner">
    <skipped/>
  </testcase> <!-- @AfterMethod getResult -->
  <testcase name="@BeforeMethod preCondition" time="-1.578465502652E9" classname="bluAndroid.bluAndroid.TestScripts.BluMyDetailsTestRunner">
    <skipped/>
  </testcase> <!-- @BeforeMethod preCondition -->
  <testcase name="@AfterMethod getResult" time="-1.578465502657E9" classname="bluAndroid.bluAndroid.TestScripts.BluMyDetailsTestRunner">
    <skipped/>
  </testcase> <!-- @AfterMethod getResult -->
  <testcase name="@BeforeMethod preCondition" time="-1.578465502661E9" classname="bluAndroid.bluAndroid.TestScripts.BluMyDetailsTestRunner">
    <skipped/>
  </testcase> <!-- @BeforeMethod preCondition -->
  <testcase name="@AfterMethod getResult" time="-1.578465502668E9" classname="bluAndroid.bluAndroid.TestScripts.BluMyDetailsTestRunner">
    <skipped/>
  </testcase> <!-- @AfterMethod getResult -->
  <testcase name="@BeforeMethod preCondition" time="-1.578465502673E9" classname="bluAndroid.bluAndroid.TestScripts.BluMyDetailsTestRunner">
    <skipped/>
  </testcase> <!-- @BeforeMethod preCondition -->
  <testcase name="@AfterMethod getResult" time="-1.578465502676E9" classname="bluAndroid.bluAndroid.TestScripts.BluMyDetailsTestRunner">
    <skipped/>
  </testcase> <!-- @AfterMethod getResult -->
  <testcase name="@BeforeMethod preCondition" time="-1.578465502678E9" classname="bluAndroid.bluAndroid.TestScripts.BluMyDetailsTestRunner">
    <skipped/>
  </testcase> <!-- @BeforeMethod preCondition -->
  <testcase name="@AfterMethod getResult" time="-1.578465502682E9" classname="bluAndroid.bluAndroid.TestScripts.BluMyDetailsTestRunner">
    <skipped/>
  </testcase> <!-- @AfterMethod getResult -->
  <testcase name="@BeforeMethod preCondition" time="-1.578465502683E9" classname="bluAndroid.bluAndroid.TestScripts.BluMyDetailsTestRunner">
    <skipped/>
  </testcase> <!-- @BeforeMethod preCondition -->
  <testcase name="@AfterMethod getResult" time="-1.578465502687E9" classname="bluAndroid.bluAndroid.TestScripts.BluMyDetailsTestRunner">
    <skipped/>
  </testcase> <!-- @AfterMethod getResult -->
  <testcase name="@BeforeMethod preCondition" time="-1.578465502689E9" classname="bluAndroid.bluAndroid.TestScripts.BluMyDetailsTestRunner">
    <skipped/>
  </testcase> <!-- @BeforeMethod preCondition -->
  <testcase name="@AfterMethod getResult" time="-1.578465502703E9" classname="bluAndroid.bluAndroid.TestScripts.BluMyDetailsTestRunner">
    <skipped/>
  </testcase> <!-- @AfterMethod getResult -->
  <testcase name="@BeforeMethod preCondition" time="-1.578465502704E9" classname="bluAndroid.bluAndroid.TestScripts.BluMyDetailsTestRunner">
    <skipped/>
  </testcase> <!-- @BeforeMethod preCondition -->
  <testcase name="@AfterMethod getResult" time="-1.578465502708E9" classname="bluAndroid.bluAndroid.TestScripts.BluMyDetailsTestRunner">
    <skipped/>
  </testcase> <!-- @AfterMethod getResult -->
  <testcase name="@BeforeMethod preCondition" time="1.009" classname="bluAndroid.bluAndroid.TestScripts.PublicProfileTestRunner">
    <failure type="org.openqa.selenium.WebDriverException" message="Connection refused: connect
Build info: version: &amp;apos;3.141.59&amp;apos;, revision: &amp;apos;e82be7d358&amp;apos;, time: &amp;apos;2018-11-14T08:17:03&amp;apos;
System info: host: &amp;apos;BLU-LP-00004&amp;apos;, ip: &amp;apos;192.168.0.124&amp;apos;, os.name: &amp;apos;Windows 10&amp;apos;, os.arch: &amp;apos;amd64&amp;apos;, os.version: &amp;apos;10.0&amp;apos;, java.version: &amp;apos;1.8.0_221&amp;apos;
Driver info: driver.version: AndroidDriver">
      <![CDATA[org.openqa.selenium.WebDriverException: Connection refused: connect
Build info: version: '3.141.59', revision: 'e82be7d358', time: '2018-11-14T08:17:03'
System info: host: 'BLU-LP-00004', ip: '192.168.0.124', os.name: 'Windows 10', os.arch: 'amd64', os.version: '10.0', java.version: '1.8.0_221'
Driver info: driver.version: AndroidDriver
at io.appium.java_client.remote.AppiumCommandExecutor.lambda$5(AppiumCommandExecutor.java:251)
at java.util.Optional.orElseGet(Unknown Source)
at io.appium.java_client.remote.AppiumCommandExecutor.execute(AppiumCommandExecutor.java:250)
at org.openqa.selenium.remote.RemoteWebDriver.execute(RemoteWebDriver.java:552)
at io.appium.java_client.DefaultGenericMobileDriver.execute(DefaultGenericMobileDriver.java:41)
at io.appium.java_client.AppiumDriver.execute(AppiumDriver.java:1)
at io.appium.java_client.android.AndroidDriver.execute(AndroidDriver.java:1)
at org.openqa.selenium.remote.RemoteWebDriver.startSession(RemoteWebDriver.java:213)
at io.appium.java_client.AppiumDriver.startSession(AppiumDriver.java:336)
at org.openqa.selenium.remote.RemoteWebDriver.<init>(RemoteWebDriver.java:131)
at io.appium.java_client.DefaultGenericMobileDriver.<init>(DefaultGenericMobileDriver.java:37)
at io.appium.java_client.AppiumDriver.<init>(AppiumDriver.java:88)
at io.appium.java_client.AppiumDriver.<init>(AppiumDriver.java:98)
at io.appium.java_client.android.AndroidDriver.<init>(AndroidDriver.java:94)
at bluAndroid.bluAndroid.util.BaseClass.getAppCapabilities(BaseClass.java:39)
at bluAndroid.bluAndroid.TestScripts.PublicProfileTestRunner.preCondition(PublicProfileTestRunner.java:41)
at java.util.ArrayList.forEach(Unknown Source)
Caused by: java.net.ConnectException: Connection refused: connect
at java.net.DualStackPlainSocketImpl.waitForConnect(Native Method)
at java.net.DualStackPlainSocketImpl.socketConnect(Unknown Source)
at java.net.AbstractPlainSocketImpl.doConnect(Unknown Source)
at java.net.AbstractPlainSocketImpl.connectToAddress(Unknown Source)
at java.net.AbstractPlainSocketImpl.connect(Unknown Source)
at java.net.PlainSocketImpl.connect(Unknown Source)
at java.net.SocksSocketImpl.connect(Unknown Source)
at java.net.Socket.connect(Unknown Source)
at okhttp3.internal.platform.Platform.connectSocket(Platform.java:129)
at okhttp3.internal.connection.RealConnection.connectSocket(RealConnection.java:245)
at okhttp3.internal.connection.RealConnection.connect(RealConnection.java:165)
at okhttp3.internal.connection.StreamAllocation.findConnection(StreamAllocation.java:257)
at okhttp3.internal.connection.StreamAllocation.findHealthyConnection(StreamAllocation.java:135)
at okhttp3.internal.connection.StreamAllocation.newStream(StreamAllocation.java:114)
at okhttp3.internal.connection.ConnectInterceptor.intercept(ConnectInterceptor.java:42)
at okhttp3.internal.http.RealInterceptorChain.proceed(RealInterceptorChain.java:147)
at okhttp3.internal.http.RealInterceptorChain.proceed(RealInterceptorChain.java:121)
at okhttp3.internal.cache.CacheInterceptor.intercept(CacheInterceptor.java:93)
at okhttp3.internal.http.RealInterceptorChain.proceed(RealInterceptorChain.java:147)
at okhttp3.internal.http.RealInterceptorChain.proceed(RealInterceptorChain.java:121)
at okhttp3.internal.http.BridgeInterceptor.intercept(BridgeInterceptor.java:93)
at okhttp3.internal.http.RealInterceptorChain.proceed(RealInterceptorChain.java:147)
at okhttp3.internal.http.RetryAndFollowUpInterceptor.intercept(RetryAndFollowUpInterceptor.java:126)
at okhttp3.internal.http.RealInterceptorChain.proceed(RealInterceptorChain.java:147)
at okhttp3.internal.http.RealInterceptorChain.proceed(RealInterceptorChain.java:121)
at okhttp3.RealCall.getResponseWithInterceptorChain(RealCall.java:200)
at okhttp3.RealCall.execute(RealCall.java:77)
at org.openqa.selenium.remote.internal.OkHttpClient.execute(OkHttpClient.java:103)
at org.openqa.selenium.remote.ProtocolHandshake.createSession(ProtocolHandshake.java:105)
at io.appium.java_client.remote.AppiumCommandExecutor$1.createSession(AppiumCommandExecutor.java:186)
at io.appium.java_client.remote.AppiumCommandExecutor.createSession(AppiumCommandExecutor.java:217)
at io.appium.java_client.remote.AppiumCommandExecutor.execute(AppiumCommandExecutor.java:239)
... 45 more
... Removed 35 stack frames]]>
    </failure>
  </testcase> <!-- @BeforeMethod preCondition -->
  <testcase name="@AfterMethod getResult" time="-1.578465503731E9" classname="bluAndroid.bluAndroid.TestScripts.PublicProfileTestRunner">
    <skipped/>
  </testcase> <!-- @AfterMethod getResult -->
  <testcase name="@BeforeMethod preCondition" time="-1.578465503733E9" classname="bluAndroid.bluAndroid.TestScripts.PublicProfileTestRunner">
    <skipped/>
  </testcase> <!-- @BeforeMethod preCondition -->
  <testcase name="@AfterMethod getResult" time="-1.578465503737E9" classname="bluAndroid.bluAndroid.TestScripts.PublicProfileTestRunner">
    <skipped/>
  </testcase> <!-- @AfterMethod getResult -->
  <testcase name="@BeforeMethod preCondition" time="-1.578465503738E9" classname="bluAndroid.bluAndroid.TestScripts.PublicProfileTestRunner">
    <skipped/>
  </testcase> <!-- @BeforeMethod preCondition -->
  <testcase name="@AfterMethod getResult" time="-1.578465503746E9" classname="bluAndroid.bluAndroid.TestScripts.PublicProfileTestRunner">
    <skipped/>
  </testcase> <!-- @AfterMethod getResult -->
  <testcase name="@BeforeMethod preCondition" time="-1.578465503747E9" classname="bluAndroid.bluAndroid.TestScripts.PublicProfileTestRunner">
    <skipped/>
  </testcase> <!-- @BeforeMethod preCondition -->
  <testcase name="@AfterMethod getResult" time="-1.578465503754E9" classname="bluAndroid.bluAndroid.TestScripts.PublicProfileTestRunner">
    <skipped/>
  </testcase> <!-- @AfterMethod getResult -->
  <testcase name="@BeforeMethod preCondition" time="-1.578465503755E9" classname="bluAndroid.bluAndroid.TestScripts.PublicProfileTestRunner">
    <skipped/>
  </testcase> <!-- @BeforeMethod preCondition -->
  <testcase name="@AfterMethod getResult" time="-1.57846550376E9" classname="bluAndroid.bluAndroid.TestScripts.PublicProfileTestRunner">
    <skipped/>
  </testcase> <!-- @AfterMethod getResult -->
  <testcase name="@BeforeMethod preCondition" time="-1.578465503761E9" classname="bluAndroid.bluAndroid.TestScripts.PublicProfileTestRunner">
    <skipped/>
  </testcase> <!-- @BeforeMethod preCondition -->
  <testcase name="@AfterMethod getResult" time="-1.578465503766E9" classname="bluAndroid.bluAndroid.TestScripts.PublicProfileTestRunner">
    <skipped/>
  </testcase> <!-- @AfterMethod getResult -->
  <testcase name="@BeforeMethod preCondition" time="1.014" classname="bluAndroid.bluAndroid.TestScripts.WalletTestRunner">
    <failure type="org.openqa.selenium.WebDriverException" message="Connection refused: connect
Build info: version: &amp;apos;3.141.59&amp;apos;, revision: &amp;apos;e82be7d358&amp;apos;, time: &amp;apos;2018-11-14T08:17:03&amp;apos;
System info: host: &amp;apos;BLU-LP-00004&amp;apos;, ip: &amp;apos;192.168.0.124&amp;apos;, os.name: &amp;apos;Windows 10&amp;apos;, os.arch: &amp;apos;amd64&amp;apos;, os.version: &amp;apos;10.0&amp;apos;, java.version: &amp;apos;1.8.0_221&amp;apos;
Driver info: driver.version: AndroidDriver">
      <![CDATA[org.openqa.selenium.WebDriverException: Connection refused: connect
Build info: version: '3.141.59', revision: 'e82be7d358', time: '2018-11-14T08:17:03'
System info: host: 'BLU-LP-00004', ip: '192.168.0.124', os.name: 'Windows 10', os.arch: 'amd64', os.version: '10.0', java.version: '1.8.0_221'
Driver info: driver.version: AndroidDriver
at io.appium.java_client.remote.AppiumCommandExecutor.lambda$5(AppiumCommandExecutor.java:251)
at java.util.Optional.orElseGet(Unknown Source)
at io.appium.java_client.remote.AppiumCommandExecutor.execute(AppiumCommandExecutor.java:250)
at org.openqa.selenium.remote.RemoteWebDriver.execute(RemoteWebDriver.java:552)
at io.appium.java_client.DefaultGenericMobileDriver.execute(DefaultGenericMobileDriver.java:41)
at io.appium.java_client.AppiumDriver.execute(AppiumDriver.java:1)
at io.appium.java_client.android.AndroidDriver.execute(AndroidDriver.java:1)
at org.openqa.selenium.remote.RemoteWebDriver.startSession(RemoteWebDriver.java:213)
at io.appium.java_client.AppiumDriver.startSession(AppiumDriver.java:336)
at org.openqa.selenium.remote.RemoteWebDriver.<init>(RemoteWebDriver.java:131)
at io.appium.java_client.DefaultGenericMobileDriver.<init>(DefaultGenericMobileDriver.java:37)
at io.appium.java_client.AppiumDriver.<init>(AppiumDriver.java:88)
at io.appium.java_client.AppiumDriver.<init>(AppiumDriver.java:98)
at io.appium.java_client.android.AndroidDriver.<init>(AndroidDriver.java:94)
at bluAndroid.bluAndroid.util.BaseClass.getAppCapabilities(BaseClass.java:39)
at bluAndroid.bluAndroid.TestScripts.WalletTestRunner.preCondition(WalletTestRunner.java:36)
at java.util.ArrayList.forEach(Unknown Source)
Caused by: java.net.ConnectException: Connection refused: connect
at java.net.DualStackPlainSocketImpl.waitForConnect(Native Method)
at java.net.DualStackPlainSocketImpl.socketConnect(Unknown Source)
at java.net.AbstractPlainSocketImpl.doConnect(Unknown Source)
at java.net.AbstractPlainSocketImpl.connectToAddress(Unknown Source)
at java.net.AbstractPlainSocketImpl.connect(Unknown Source)
at java.net.PlainSocketImpl.connect(Unknown Source)
at java.net.SocksSocketImpl.connect(Unknown Source)
at java.net.Socket.connect(Unknown Source)
at okhttp3.internal.platform.Platform.connectSocket(Platform.java:129)
at okhttp3.internal.connection.RealConnection.connectSocket(RealConnection.java:245)
at okhttp3.internal.connection.RealConnection.connect(RealConnection.java:165)
at okhttp3.internal.connection.StreamAllocation.findConnection(StreamAllocation.java:257)
at okhttp3.internal.connection.StreamAllocation.findHealthyConnection(StreamAllocation.java:135)
at okhttp3.internal.connection.StreamAllocation.newStream(StreamAllocation.java:114)
at okhttp3.internal.connection.ConnectInterceptor.intercept(ConnectInterceptor.java:42)
at okhttp3.internal.http.RealInterceptorChain.proceed(RealInterceptorChain.java:147)
at okhttp3.internal.http.RealInterceptorChain.proceed(RealInterceptorChain.java:121)
at okhttp3.internal.cache.CacheInterceptor.intercept(CacheInterceptor.java:93)
at okhttp3.internal.http.RealInterceptorChain.proceed(RealInterceptorChain.java:147)
at okhttp3.internal.http.RealInterceptorChain.proceed(RealInterceptorChain.java:121)
at okhttp3.internal.http.BridgeInterceptor.intercept(BridgeInterceptor.java:93)
at okhttp3.internal.http.RealInterceptorChain.proceed(RealInterceptorChain.java:147)
at okhttp3.internal.http.RetryAndFollowUpInterceptor.intercept(RetryAndFollowUpInterceptor.java:126)
at okhttp3.internal.http.RealInterceptorChain.proceed(RealInterceptorChain.java:147)
at okhttp3.internal.http.RealInterceptorChain.proceed(RealInterceptorChain.java:121)
at okhttp3.RealCall.getResponseWithInterceptorChain(RealCall.java:200)
at okhttp3.RealCall.execute(RealCall.java:77)
at org.openqa.selenium.remote.internal.OkHttpClient.execute(OkHttpClient.java:103)
at org.openqa.selenium.remote.ProtocolHandshake.createSession(ProtocolHandshake.java:105)
at io.appium.java_client.remote.AppiumCommandExecutor$1.createSession(AppiumCommandExecutor.java:186)
at io.appium.java_client.remote.AppiumCommandExecutor.createSession(AppiumCommandExecutor.java:217)
at io.appium.java_client.remote.AppiumCommandExecutor.execute(AppiumCommandExecutor.java:239)
... 45 more
... Removed 35 stack frames]]>
    </failure>
  </testcase> <!-- @BeforeMethod preCondition -->
  <testcase name="@AfterMethod getResult" time="-1.578465504793E9" classname="bluAndroid.bluAndroid.TestScripts.WalletTestRunner">
    <skipped/>
  </testcase> <!-- @AfterMethod getResult -->
  <testcase name="@BeforeMethod preCondition" time="-1.578465504795E9" classname="bluAndroid.bluAndroid.TestScripts.WalletTestRunner">
    <skipped/>
  </testcase> <!-- @BeforeMethod preCondition -->
  <testcase name="@AfterMethod getResult" time="-1.578465504802E9" classname="bluAndroid.bluAndroid.TestScripts.WalletTestRunner">
    <skipped/>
  </testcase> <!-- @AfterMethod getResult -->
  <testcase name="@BeforeMethod preCondition" time="-1.578465504805E9" classname="bluAndroid.bluAndroid.TestScripts.WalletTestRunner">
    <skipped/>
  </testcase> <!-- @BeforeMethod preCondition -->
  <testcase name="@AfterMethod getResult" time="-1.578465504819E9" classname="bluAndroid.bluAndroid.TestScripts.WalletTestRunner">
    <skipped/>
  </testcase> <!-- @AfterMethod getResult -->
  <testcase name="tc01_validMobileValidPassword" time="0.0" classname="bluAndroid.bluAndroid.TestScripts.BluLoginTestRunner">
    <skipped/>
  </testcase> <!-- tc01_validMobileValidPassword -->
  <testcase name="tc02_invalidEmailValidPassword" time="0.0" classname="bluAndroid.bluAndroid.TestScripts.BluLoginTestRunner">
    <skipped/>
  </testcase> <!-- tc02_invalidEmailValidPassword -->
  <testcase name="tc03_invalidMobileNumberValidPassword" time="0.0" classname="bluAndroid.bluAndroid.TestScripts.BluLoginTestRunner">
    <skipped/>
  </testcase> <!-- tc03_invalidMobileNumberValidPassword -->
  <testcase name="tc04_withoutCredentials" time="0.0" classname="bluAndroid.bluAndroid.TestScripts.BluLoginTestRunner">
    <skipped/>
  </testcase> <!-- tc04_withoutCredentials -->
  <testcase name="tc06_notRegisteredMobileNumber" time="0.0" classname="bluAndroid.bluAndroid.TestScripts.BluLoginTestRunner">
    <skipped/>
  </testcase> <!-- tc06_notRegisteredMobileNumber -->
  <testcase name="tc07_notRegisteredEmail" time="0.0" classname="bluAndroid.bluAndroid.TestScripts.BluLoginTestRunner">
    <skipped/>
  </testcase> <!-- tc07_notRegisteredEmail -->
  <testcase name="tc08_validEmailPassword" time="0.0" classname="bluAndroid.bluAndroid.TestScripts.BluLoginTestRunner">
    <skipped/>
  </testcase> <!-- tc08_validEmailPassword -->
  <testcase name="tc09_validEmailInvalidPassword" time="0.0" classname="bluAndroid.bluAndroid.TestScripts.BluLoginTestRunner">
    <skipped/>
  </testcase> <!-- tc09_validEmailInvalidPassword -->
  <testcase name="tc10_validMobileNumberInvalidPassword" time="0.0" classname="bluAndroid.bluAndroid.TestScripts.BluLoginTestRunner">
    <skipped/>
  </testcase> <!-- tc10_validMobileNumberInvalidPassword -->
  <testcase name="tc11_invalidMobileNumberInvalidPassword" time="0.0" classname="bluAndroid.bluAndroid.TestScripts.BluLoginTestRunner">
    <skipped/>
  </testcase> <!-- tc11_invalidMobileNumberInvalidPassword -->
  <testcase name="tc01_signup" time="0.0" classname="bluAndroid.bluAndroid.TestScripts.BluSignUpTestRunner">
    <skipped/>
  </testcase> <!-- tc01_signup -->
  <testcase name="tc02_signupWithoutReferralCode" time="0.0" classname="bluAndroid.bluAndroid.TestScripts.BluSignUpTestRunner">
    <skipped/>
  </testcase> <!-- tc02_signupWithoutReferralCode -->
  <testcase name="tc03_signupWithoutGenderAndRefferalCode" time="0.0" classname="bluAndroid.bluAndroid.TestScripts.BluSignUpTestRunner">
    <skipped/>
  </testcase> <!-- tc03_signupWithoutGenderAndRefferalCode -->
  <testcase name="tc04_signupWithoutDOBGenderAndRefferalCode" time="0.0" classname="bluAndroid.bluAndroid.TestScripts.BluSignUpTestRunner">
    <skipped/>
  </testcase> <!-- tc04_signupWithoutDOBGenderAndRefferalCode -->
  <testcase name="tc05_signupManDetails" time="0.0" classname="bluAndroid.bluAndroid.TestScripts.BluSignUpTestRunner">
    <skipped/>
  </testcase> <!-- tc05_signupManDetails -->
  <testcase name="tc06_signupInvalidEmail" time="0.0" classname="bluAndroid.bluAndroid.TestScripts.BluSignUpTestRunner">
    <skipped/>
  </testcase> <!-- tc06_signupInvalidEmail -->
  <testcase name="tc07_signupInvalidPassword" time="0.0" classname="bluAndroid.bluAndroid.TestScripts.BluSignUpTestRunner">
    <skipped/>
  </testcase> <!-- tc07_signupInvalidPassword -->
  <testcase name="tc08_signupNonMatchingPassword" time="0.0" classname="bluAndroid.bluAndroid.TestScripts.BluSignUpTestRunner">
    <skipped/>
  </testcase> <!-- tc08_signupNonMatchingPassword -->
  <testcase name="tc09_signupInvalidFirstname" time="0.0" classname="bluAndroid.bluAndroid.TestScripts.BluSignUpTestRunner">
    <skipped/>
  </testcase> <!-- tc09_signupInvalidFirstname -->
  <testcase name="tc10_signupInvalidMobile" time="0.0" classname="bluAndroid.bluAndroid.TestScripts.BluSignUpTestRunner">
    <skipped/>
  </testcase> <!-- tc10_signupInvalidMobile -->
  <testcase name="tc11_signupInvalidRefferalCode" time="0.0" classname="bluAndroid.bluAndroid.TestScripts.BluSignUpTestRunner">
    <skipped/>
  </testcase> <!-- tc11_signupInvalidRefferalCode -->
  <testcase name="tc12_signupWithoutEmail" time="0.0" classname="bluAndroid.bluAndroid.TestScripts.BluSignUpTestRunner">
    <skipped/>
  </testcase> <!-- tc12_signupWithoutEmail -->
  <testcase name="tc13_signupWithoutPassword" time="0.0" classname="bluAndroid.bluAndroid.TestScripts.BluSignUpTestRunner">
    <skipped/>
  </testcase> <!-- tc13_signupWithoutPassword -->
  <testcase name="tc14_signupWithoutConfirmingPass" time="0.0" classname="bluAndroid.bluAndroid.TestScripts.BluSignUpTestRunner">
    <skipped/>
  </testcase> <!-- tc14_signupWithoutConfirmingPass -->
  <testcase name="tc15_signupWithoutFirstName" time="0.0" classname="bluAndroid.bluAndroid.TestScripts.BluSignUpTestRunner">
    <skipped/>
  </testcase> <!-- tc15_signupWithoutFirstName -->
  <testcase name="tc16_signupWithoutMobileNumber" time="0.0" classname="bluAndroid.bluAndroid.TestScripts.BluSignUpTestRunner">
    <skipped/>
  </testcase> <!-- tc16_signupWithoutMobileNumber -->
  <testcase name="tc17_signupRegisteredEmail" time="0.0" classname="bluAndroid.bluAndroid.TestScripts.BluSignUpTestRunner">
    <skipped/>
  </testcase> <!-- tc17_signupRegisteredEmail -->
  <testcase name="tc18_signupRegisteredMobile" time="0.0" classname="bluAndroid.bluAndroid.TestScripts.BluSignUpTestRunner">
    <skipped/>
  </testcase> <!-- tc18_signupRegisteredMobile -->
  <testcase name="tc01_editFirstName" time="0.0" classname="bluAndroid.bluAndroid.TestScripts.BluMyDetailsTestRunner">
    <skipped/>
  </testcase> <!-- tc01_editFirstName -->
  <testcase name="tc02_UnableToEditFirstName" time="0.0" classname="bluAndroid.bluAndroid.TestScripts.BluMyDetailsTestRunner">
    <skipped/>
  </testcase> <!-- tc02_UnableToEditFirstName -->
  <testcase name="tc03_editLastName" time="0.0" classname="bluAndroid.bluAndroid.TestScripts.BluMyDetailsTestRunner">
    <skipped/>
  </testcase> <!-- tc03_editLastName -->
  <testcase name="tc04_unableToEditLastName" time="0.0" classname="bluAndroid.bluAndroid.TestScripts.BluMyDetailsTestRunner">
    <skipped/>
  </testcase> <!-- tc04_unableToEditLastName -->
  <testcase name="tc05_editEmail" time="0.0" classname="bluAndroid.bluAndroid.TestScripts.BluMyDetailsTestRunner">
    <skipped/>
  </testcase> <!-- tc05_editEmail -->
  <testcase name="tc06_editEmailAlreadyExists" time="0.0" classname="bluAndroid.bluAndroid.TestScripts.BluMyDetailsTestRunner">
    <skipped/>
  </testcase> <!-- tc06_editEmailAlreadyExists -->
  <testcase name="tc07_editGender" time="0.0" classname="bluAndroid.bluAndroid.TestScripts.BluMyDetailsTestRunner">
    <skipped/>
  </testcase> <!-- tc07_editGender -->
  <testcase name="tc07_editMobileAlreadyExists" time="0.0" classname="bluAndroid.bluAndroid.TestScripts.BluMyDetailsTestRunner">
    <skipped/>
  </testcase> <!-- tc07_editMobileAlreadyExists -->
  <testcase name="tc08_referAFriend" time="0.0" classname="bluAndroid.bluAndroid.TestScripts.BluMyDetailsTestRunner">
    <skipped/>
  </testcase> <!-- tc08_referAFriend -->
  <testcase name="tc04_InvaldBluId" time="0.0" classname="bluAndroid.bluAndroid.TestScripts.PublicProfileTestRunner">
    <skipped/>
  </testcase> <!-- tc04_InvaldBluId -->
  <testcase name="tc06_blockMember" time="0.0" classname="bluAndroid.bluAndroid.TestScripts.PublicProfileTestRunner">
    <skipped/>
  </testcase> <!-- tc06_blockMember -->
  <testcase name="tc01_ViewPublicProfile" time="0.0" classname="bluAndroid.bluAndroid.TestScripts.PublicProfileTestRunner">
    <skipped/>
  </testcase> <!-- tc01_ViewPublicProfile -->
  <testcase name="tc02_viewFriendProfileByBluID" time="0.0" classname="bluAndroid.bluAndroid.TestScripts.PublicProfileTestRunner">
    <skipped/>
  </testcase> <!-- tc02_viewFriendProfileByBluID -->
  <testcase name="tc03_viewFriendProfileByMobile" time="0.0" classname="bluAndroid.bluAndroid.TestScripts.PublicProfileTestRunner">
    <skipped/>
  </testcase> <!-- tc03_viewFriendProfileByMobile -->
  <testcase name="tc05_InvaldMobile" time="0.0" classname="bluAndroid.bluAndroid.TestScripts.PublicProfileTestRunner">
    <skipped/>
  </testcase> <!-- tc05_InvaldMobile -->
  <testcase name="tc07_unblockMember" time="0.0" classname="bluAndroid.bluAndroid.TestScripts.PublicProfileTestRunner">
    <skipped/>
  </testcase> <!-- tc07_unblockMember -->
  <testcase name="tc01_topUpWallet" time="0.0" classname="bluAndroid.bluAndroid.TestScripts.WalletTestRunner">
    <skipped/>
  </testcase> <!-- tc01_topUpWallet -->
  <testcase name="tc02_payemntMethods" time="0.0" classname="bluAndroid.bluAndroid.TestScripts.WalletTestRunner">
    <skipped/>
  </testcase> <!-- tc02_payemntMethods -->
  <testcase name="tc03_transactionDetails" time="0.0" classname="bluAndroid.bluAndroid.TestScripts.WalletTestRunner">
    <skipped/>
  </testcase> <!-- tc03_transactionDetails -->
  <testcase name="@BeforeSuite SetUp" time="0.0" classname="bluAndroid.bluAndroid.util.BaseClass">
    <ignored/>
  </testcase> <!-- @BeforeSuite SetUp -->
  <testcase name="@BeforeSuite SetUp" time="0.0" classname="bluAndroid.bluAndroid.util.BaseClass">
    <ignored/>
  </testcase> <!-- @BeforeSuite SetUp -->
  <testcase name="@BeforeSuite SetUp" time="0.0" classname="bluAndroid.bluAndroid.util.BaseClass">
    <ignored/>
  </testcase> <!-- @BeforeSuite SetUp -->
  <testcase name="@BeforeSuite SetUp" time="0.0" classname="bluAndroid.bluAndroid.util.BaseClass">
    <ignored/>
  </testcase> <!-- @BeforeSuite SetUp -->
  <testcase name="splashScreen" time="0.0" classname="bluAndroid.bluAndroid.TestScripts.BluLoginTestRunner">
    <ignored/>
  </testcase> <!-- splashScreen -->
  <testcase name="@AfterSuite tearDown" time="0.0" classname="bluAndroid.bluAndroid.util.BaseClass">
    <ignored/>
  </testcase> <!-- @AfterSuite tearDown -->
  <testcase name="@AfterSuite tearDown" time="0.0" classname="bluAndroid.bluAndroid.util.BaseClass">
    <ignored/>
  </testcase> <!-- @AfterSuite tearDown -->
  <testcase name="@AfterSuite tearDown" time="0.0" classname="bluAndroid.bluAndroid.util.BaseClass">
    <ignored/>
  </testcase> <!-- @AfterSuite tearDown -->
  <testcase name="@AfterSuite tearDown" time="0.0" classname="bluAndroid.bluAndroid.util.BaseClass">
    <ignored/>
  </testcase> <!-- @AfterSuite tearDown -->
  <testcase name="tc05_maximumInvalidLoginAttemptError" time="0.0" classname="bluAndroid.bluAndroid.TestScripts.BluLoginTestRunner">
    <ignored/>
  </testcase> <!-- tc05_maximumInvalidLoginAttemptError -->
</testsuite> <!-- order -->
