<?xml version="1.0" encoding="UTF-8"?>
<!-- Generated by org.testng.reporters.JUnitXMLReporter -->
<testsuite hostname="BLU-LP-00004" ignored="12" name="order" tests="50" failures="28" timestamp="2020-01-09T14:33:01 SGT" time="4430.242" errors="0">
  <testcase name="tc01_validMobileValidPassword" time="16.777" classname="bluAndroid.bluAndroid.TestScripts.BluLoginTestRunner"/>
  <testcase name="tc02_invalidEmailValidPassword" time="115.072" classname="bluAndroid.bluAndroid.TestScripts.BluLoginTestRunner">
    <failure type="org.openqa.selenium.NoSuchElementException" message="An element could not be located on the page using the given search parameters.
For documentation on this error, please visit: https://www.seleniumhq.org/exceptions/no_such_element.html
Build info: version: &amp;apos;3.141.59&amp;apos;, revision: &amp;apos;e82be7d358&amp;apos;, time: &amp;apos;2018-11-14T08:17:03&amp;apos;
System info: host: &amp;apos;BLU-LP-00004&amp;apos;, ip: &amp;apos;192.168.0.124&amp;apos;, os.name: &amp;apos;Windows 10&amp;apos;, os.arch: &amp;apos;amd64&amp;apos;, os.version: &amp;apos;10.0&amp;apos;, java.version: &amp;apos;1.8.0_221&amp;apos;
Driver info: io.appium.java_client.android.AndroidDriver
Capabilities {appActivity: sg.com.blu.android.features..., appPackage: sg.com.blu.android.uat, databaseEnabled: false, desired: {appActivity: sg.com.blu.android.features..., appPackage: sg.com.blu.android.uat, deviceName: Galaxy S8+, platformName: android, platformVersion: 8.0.0, resetKeyboard: true, udid: ce031713d5fad93001, unicodeKeyboard: true}, deviceManufacturer: samsung, deviceModel: SM-G955F, deviceName: ce031713d5fad93001, deviceScreenSize: 1440x2960, deviceUDID: ce031713d5fad93001, javascriptEnabled: true, locationContextEnabled: false, networkConnectionEnabled: true, platform: LINUX, platformName: Android, platformVersion: 8.0.0, resetKeyboard: true, takesScreenshot: true, udid: ce031713d5fad93001, unicodeKeyboard: true, warnings: {}, webStorageEnabled: false}
Session ID: bc932f35-31d1-4128-a637-249023a24785
*** Element info: {Using=id, value=sg.com.blu.android.uat.uat:id/error_tv}">
      <![CDATA[org.openqa.selenium.NoSuchElementException: An element could not be located on the page using the given search parameters.
For documentation on this error, please visit: https://www.seleniumhq.org/exceptions/no_such_element.html
Build info: version: '3.141.59', revision: 'e82be7d358', time: '2018-11-14T08:17:03'
System info: host: 'BLU-LP-00004', ip: '192.168.0.124', os.name: 'Windows 10', os.arch: 'amd64', os.version: '10.0', java.version: '1.8.0_221'
Driver info: io.appium.java_client.android.AndroidDriver
Capabilities {appActivity: sg.com.blu.android.features..., appPackage: sg.com.blu.android.uat, databaseEnabled: false, desired: {appActivity: sg.com.blu.android.features..., appPackage: sg.com.blu.android.uat, deviceName: Galaxy S8+, platformName: android, platformVersion: 8.0.0, resetKeyboard: true, udid: ce031713d5fad93001, unicodeKeyboard: true}, deviceManufacturer: samsung, deviceModel: SM-G955F, deviceName: ce031713d5fad93001, deviceScreenSize: 1440x2960, deviceUDID: ce031713d5fad93001, javascriptEnabled: true, locationContextEnabled: false, networkConnectionEnabled: true, platform: LINUX, platformName: Android, platformVersion: 8.0.0, resetKeyboard: true, takesScreenshot: true, udid: ce031713d5fad93001, unicodeKeyboard: true, warnings: {}, webStorageEnabled: false}
Session ID: bc932f35-31d1-4128-a637-249023a24785
*** Element info: {Using=id, value=sg.com.blu.android.uat.uat:id/error_tv}
at org.openqa.selenium.remote.http.W3CHttpResponseCodec.createException(W3CHttpResponseCodec.java:187)
at org.openqa.selenium.remote.http.W3CHttpResponseCodec.decode(W3CHttpResponseCodec.java:122)
at org.openqa.selenium.remote.http.W3CHttpResponseCodec.decode(W3CHttpResponseCodec.java:49)
at org.openqa.selenium.remote.HttpCommandExecutor.execute(HttpCommandExecutor.java:158)
at io.appium.java_client.remote.AppiumCommandExecutor.execute(AppiumCommandExecutor.java:239)
at org.openqa.selenium.remote.RemoteWebDriver.execute(RemoteWebDriver.java:552)
at io.appium.java_client.DefaultGenericMobileDriver.execute(DefaultGenericMobileDriver.java:41)
at io.appium.java_client.AppiumDriver.execute(AppiumDriver.java:1)
at io.appium.java_client.android.AndroidDriver.execute(AndroidDriver.java:1)
at org.openqa.selenium.remote.RemoteWebDriver.findElement(RemoteWebDriver.java:323)
at io.appium.java_client.DefaultGenericMobileDriver.findElement(DefaultGenericMobileDriver.java:61)
at io.appium.java_client.AppiumDriver.findElement(AppiumDriver.java:1)
at io.appium.java_client.android.AndroidDriver.findElement(AndroidDriver.java:1)
at org.openqa.selenium.remote.RemoteWebDriver.findElementById(RemoteWebDriver.java:372)
at io.appium.java_client.DefaultGenericMobileDriver.findElementById(DefaultGenericMobileDriver.java:69)
at io.appium.java_client.AppiumDriver.findElementById(AppiumDriver.java:1)
at io.appium.java_client.android.AndroidDriver.findElementById(AndroidDriver.java:1)
at org.openqa.selenium.By$ById.findElement(By.java:188)
at org.openqa.selenium.remote.RemoteWebDriver.findElement(RemoteWebDriver.java:315)
at io.appium.java_client.DefaultGenericMobileDriver.findElement(DefaultGenericMobileDriver.java:57)
at io.appium.java_client.AppiumDriver.findElement(AppiumDriver.java:1)
at io.appium.java_client.android.AndroidDriver.findElement(AndroidDriver.java:1)
at bluAndroid.bluAndroid.pageObjects.LoginScreen.inlineErrorBelowUsername(LoginScreen.java:47)
at bluAndroid.bluAndroid.TestScripts.BluLoginTestRunner.tc02_invalidEmailValidPassword(BluLoginTestRunner.java:77)
at java.util.ArrayList.forEach(Unknown Source)
... Removed 31 stack frames]]>
    </failure>
  </testcase> <!-- tc02_invalidEmailValidPassword -->
  <testcase name="tc03_invalidMobileNumberValidPassword" time="115.6" classname="bluAndroid.bluAndroid.TestScripts.BluLoginTestRunner">
    <failure type="org.openqa.selenium.NoSuchElementException" message="An element could not be located on the page using the given search parameters.
For documentation on this error, please visit: https://www.seleniumhq.org/exceptions/no_such_element.html
Build info: version: &amp;apos;3.141.59&amp;apos;, revision: &amp;apos;e82be7d358&amp;apos;, time: &amp;apos;2018-11-14T08:17:03&amp;apos;
System info: host: &amp;apos;BLU-LP-00004&amp;apos;, ip: &amp;apos;192.168.0.124&amp;apos;, os.name: &amp;apos;Windows 10&amp;apos;, os.arch: &amp;apos;amd64&amp;apos;, os.version: &amp;apos;10.0&amp;apos;, java.version: &amp;apos;1.8.0_221&amp;apos;
Driver info: io.appium.java_client.android.AndroidDriver
Capabilities {appActivity: sg.com.blu.android.features..., appPackage: sg.com.blu.android.uat, databaseEnabled: false, desired: {appActivity: sg.com.blu.android.features..., appPackage: sg.com.blu.android.uat, deviceName: Galaxy S8+, platformName: android, platformVersion: 8.0.0, resetKeyboard: true, udid: ce031713d5fad93001, unicodeKeyboard: true}, deviceManufacturer: samsung, deviceModel: SM-G955F, deviceName: ce031713d5fad93001, deviceScreenSize: 1440x2960, deviceUDID: ce031713d5fad93001, javascriptEnabled: true, locationContextEnabled: false, networkConnectionEnabled: true, platform: LINUX, platformName: Android, platformVersion: 8.0.0, resetKeyboard: true, takesScreenshot: true, udid: ce031713d5fad93001, unicodeKeyboard: true, warnings: {}, webStorageEnabled: false}
Session ID: 84487c1f-e7f7-4e13-819f-1c7d25f9e4fe
*** Element info: {Using=id, value=sg.com.blu.android.uat.uat:id/error_tv}">
      <![CDATA[org.openqa.selenium.NoSuchElementException: An element could not be located on the page using the given search parameters.
For documentation on this error, please visit: https://www.seleniumhq.org/exceptions/no_such_element.html
Build info: version: '3.141.59', revision: 'e82be7d358', time: '2018-11-14T08:17:03'
System info: host: 'BLU-LP-00004', ip: '192.168.0.124', os.name: 'Windows 10', os.arch: 'amd64', os.version: '10.0', java.version: '1.8.0_221'
Driver info: io.appium.java_client.android.AndroidDriver
Capabilities {appActivity: sg.com.blu.android.features..., appPackage: sg.com.blu.android.uat, databaseEnabled: false, desired: {appActivity: sg.com.blu.android.features..., appPackage: sg.com.blu.android.uat, deviceName: Galaxy S8+, platformName: android, platformVersion: 8.0.0, resetKeyboard: true, udid: ce031713d5fad93001, unicodeKeyboard: true}, deviceManufacturer: samsung, deviceModel: SM-G955F, deviceName: ce031713d5fad93001, deviceScreenSize: 1440x2960, deviceUDID: ce031713d5fad93001, javascriptEnabled: true, locationContextEnabled: false, networkConnectionEnabled: true, platform: LINUX, platformName: Android, platformVersion: 8.0.0, resetKeyboard: true, takesScreenshot: true, udid: ce031713d5fad93001, unicodeKeyboard: true, warnings: {}, webStorageEnabled: false}
Session ID: 84487c1f-e7f7-4e13-819f-1c7d25f9e4fe
*** Element info: {Using=id, value=sg.com.blu.android.uat.uat:id/error_tv}
at org.openqa.selenium.remote.http.W3CHttpResponseCodec.createException(W3CHttpResponseCodec.java:187)
at org.openqa.selenium.remote.http.W3CHttpResponseCodec.decode(W3CHttpResponseCodec.java:122)
at org.openqa.selenium.remote.http.W3CHttpResponseCodec.decode(W3CHttpResponseCodec.java:49)
at org.openqa.selenium.remote.HttpCommandExecutor.execute(HttpCommandExecutor.java:158)
at io.appium.java_client.remote.AppiumCommandExecutor.execute(AppiumCommandExecutor.java:239)
at org.openqa.selenium.remote.RemoteWebDriver.execute(RemoteWebDriver.java:552)
at io.appium.java_client.DefaultGenericMobileDriver.execute(DefaultGenericMobileDriver.java:41)
at io.appium.java_client.AppiumDriver.execute(AppiumDriver.java:1)
at io.appium.java_client.android.AndroidDriver.execute(AndroidDriver.java:1)
at org.openqa.selenium.remote.RemoteWebDriver.findElement(RemoteWebDriver.java:323)
at io.appium.java_client.DefaultGenericMobileDriver.findElement(DefaultGenericMobileDriver.java:61)
at io.appium.java_client.AppiumDriver.findElement(AppiumDriver.java:1)
at io.appium.java_client.android.AndroidDriver.findElement(AndroidDriver.java:1)
at org.openqa.selenium.remote.RemoteWebDriver.findElementById(RemoteWebDriver.java:372)
at io.appium.java_client.DefaultGenericMobileDriver.findElementById(DefaultGenericMobileDriver.java:69)
at io.appium.java_client.AppiumDriver.findElementById(AppiumDriver.java:1)
at io.appium.java_client.android.AndroidDriver.findElementById(AndroidDriver.java:1)
at org.openqa.selenium.By$ById.findElement(By.java:188)
at org.openqa.selenium.remote.RemoteWebDriver.findElement(RemoteWebDriver.java:315)
at io.appium.java_client.DefaultGenericMobileDriver.findElement(DefaultGenericMobileDriver.java:57)
at io.appium.java_client.AppiumDriver.findElement(AppiumDriver.java:1)
at io.appium.java_client.android.AndroidDriver.findElement(AndroidDriver.java:1)
at bluAndroid.bluAndroid.pageObjects.LoginScreen.inlineErrorBelowUsername(LoginScreen.java:47)
at bluAndroid.bluAndroid.TestScripts.BluLoginTestRunner.tc03_invalidMobileNumberValidPassword(BluLoginTestRunner.java:86)
at java.util.ArrayList.forEach(Unknown Source)
... Removed 31 stack frames]]>
    </failure>
  </testcase> <!-- tc03_invalidMobileNumberValidPassword -->
  <testcase name="tc04_withoutCredentials" time="102.366" classname="bluAndroid.bluAndroid.TestScripts.BluLoginTestRunner">
    <failure type="org.openqa.selenium.NoSuchElementException" message="An element could not be located on the page using the given search parameters.
For documentation on this error, please visit: https://www.seleniumhq.org/exceptions/no_such_element.html
Build info: version: &amp;apos;3.141.59&amp;apos;, revision: &amp;apos;e82be7d358&amp;apos;, time: &amp;apos;2018-11-14T08:17:03&amp;apos;
System info: host: &amp;apos;BLU-LP-00004&amp;apos;, ip: &amp;apos;192.168.0.124&amp;apos;, os.name: &amp;apos;Windows 10&amp;apos;, os.arch: &amp;apos;amd64&amp;apos;, os.version: &amp;apos;10.0&amp;apos;, java.version: &amp;apos;1.8.0_221&amp;apos;
Driver info: io.appium.java_client.android.AndroidDriver
Capabilities {appActivity: sg.com.blu.android.features..., appPackage: sg.com.blu.android.uat, databaseEnabled: false, desired: {appActivity: sg.com.blu.android.features..., appPackage: sg.com.blu.android.uat, deviceName: Galaxy S8+, platformName: android, platformVersion: 8.0.0, resetKeyboard: true, udid: ce031713d5fad93001, unicodeKeyboard: true}, deviceManufacturer: samsung, deviceModel: SM-G955F, deviceName: ce031713d5fad93001, deviceScreenSize: 1440x2960, deviceUDID: ce031713d5fad93001, javascriptEnabled: true, locationContextEnabled: false, networkConnectionEnabled: true, platform: LINUX, platformName: Android, platformVersion: 8.0.0, resetKeyboard: true, takesScreenshot: true, udid: ce031713d5fad93001, unicodeKeyboard: true, warnings: {}, webStorageEnabled: false}
Session ID: 1d3780c8-3ab6-49c3-b486-642a2b7f281a
*** Element info: {Using=id, value=sg.com.blu.android.uat.uat:id/error_tv}">
      <![CDATA[org.openqa.selenium.NoSuchElementException: An element could not be located on the page using the given search parameters.
For documentation on this error, please visit: https://www.seleniumhq.org/exceptions/no_such_element.html
Build info: version: '3.141.59', revision: 'e82be7d358', time: '2018-11-14T08:17:03'
System info: host: 'BLU-LP-00004', ip: '192.168.0.124', os.name: 'Windows 10', os.arch: 'amd64', os.version: '10.0', java.version: '1.8.0_221'
Driver info: io.appium.java_client.android.AndroidDriver
Capabilities {appActivity: sg.com.blu.android.features..., appPackage: sg.com.blu.android.uat, databaseEnabled: false, desired: {appActivity: sg.com.blu.android.features..., appPackage: sg.com.blu.android.uat, deviceName: Galaxy S8+, platformName: android, platformVersion: 8.0.0, resetKeyboard: true, udid: ce031713d5fad93001, unicodeKeyboard: true}, deviceManufacturer: samsung, deviceModel: SM-G955F, deviceName: ce031713d5fad93001, deviceScreenSize: 1440x2960, deviceUDID: ce031713d5fad93001, javascriptEnabled: true, locationContextEnabled: false, networkConnectionEnabled: true, platform: LINUX, platformName: Android, platformVersion: 8.0.0, resetKeyboard: true, takesScreenshot: true, udid: ce031713d5fad93001, unicodeKeyboard: true, warnings: {}, webStorageEnabled: false}
Session ID: 1d3780c8-3ab6-49c3-b486-642a2b7f281a
*** Element info: {Using=id, value=sg.com.blu.android.uat.uat:id/error_tv}
at org.openqa.selenium.remote.http.W3CHttpResponseCodec.createException(W3CHttpResponseCodec.java:187)
at org.openqa.selenium.remote.http.W3CHttpResponseCodec.decode(W3CHttpResponseCodec.java:122)
at org.openqa.selenium.remote.http.W3CHttpResponseCodec.decode(W3CHttpResponseCodec.java:49)
at org.openqa.selenium.remote.HttpCommandExecutor.execute(HttpCommandExecutor.java:158)
at io.appium.java_client.remote.AppiumCommandExecutor.execute(AppiumCommandExecutor.java:239)
at org.openqa.selenium.remote.RemoteWebDriver.execute(RemoteWebDriver.java:552)
at io.appium.java_client.DefaultGenericMobileDriver.execute(DefaultGenericMobileDriver.java:41)
at io.appium.java_client.AppiumDriver.execute(AppiumDriver.java:1)
at io.appium.java_client.android.AndroidDriver.execute(AndroidDriver.java:1)
at org.openqa.selenium.remote.RemoteWebDriver.findElement(RemoteWebDriver.java:323)
at io.appium.java_client.DefaultGenericMobileDriver.findElement(DefaultGenericMobileDriver.java:61)
at io.appium.java_client.AppiumDriver.findElement(AppiumDriver.java:1)
at io.appium.java_client.android.AndroidDriver.findElement(AndroidDriver.java:1)
at org.openqa.selenium.remote.RemoteWebDriver.findElementById(RemoteWebDriver.java:372)
at io.appium.java_client.DefaultGenericMobileDriver.findElementById(DefaultGenericMobileDriver.java:69)
at io.appium.java_client.AppiumDriver.findElementById(AppiumDriver.java:1)
at io.appium.java_client.android.AndroidDriver.findElementById(AndroidDriver.java:1)
at org.openqa.selenium.By$ById.findElement(By.java:188)
at org.openqa.selenium.remote.RemoteWebDriver.findElement(RemoteWebDriver.java:315)
at io.appium.java_client.DefaultGenericMobileDriver.findElement(DefaultGenericMobileDriver.java:57)
at io.appium.java_client.AppiumDriver.findElement(AppiumDriver.java:1)
at io.appium.java_client.android.AndroidDriver.findElement(AndroidDriver.java:1)
at bluAndroid.bluAndroid.pageObjects.LoginScreen.inlineErrorBelowUsername(LoginScreen.java:47)
at bluAndroid.bluAndroid.TestScripts.BluLoginTestRunner.tc04_withoutCredentials(BluLoginTestRunner.java:96)
at java.util.ArrayList.forEach(Unknown Source)
... Removed 31 stack frames]]>
    </failure>
  </testcase> <!-- tc04_withoutCredentials -->
  <testcase name="tc06_notRegisteredMobileNumber" time="15.843" classname="bluAndroid.bluAndroid.TestScripts.BluLoginTestRunner"/>
  <testcase name="tc07_notRegisteredEmail" time="15.795" classname="bluAndroid.bluAndroid.TestScripts.BluLoginTestRunner"/>
  <testcase name="tc08_validEmailPassword" time="17.184" classname="bluAndroid.bluAndroid.TestScripts.BluLoginTestRunner"/>
  <testcase name="tc09_validEmailInvalidPassword" time="16.037" classname="bluAndroid.bluAndroid.TestScripts.BluLoginTestRunner"/>
  <testcase name="tc10_validMobileNumberInvalidPassword" time="15.794" classname="bluAndroid.bluAndroid.TestScripts.BluLoginTestRunner"/>
  <testcase name="tc11_invalidMobileNumberInvalidPassword" time="115.553" classname="bluAndroid.bluAndroid.TestScripts.BluLoginTestRunner">
    <failure type="org.openqa.selenium.NoSuchElementException" message="An element could not be located on the page using the given search parameters.
For documentation on this error, please visit: https://www.seleniumhq.org/exceptions/no_such_element.html
Build info: version: &amp;apos;3.141.59&amp;apos;, revision: &amp;apos;e82be7d358&amp;apos;, time: &amp;apos;2018-11-14T08:17:03&amp;apos;
System info: host: &amp;apos;BLU-LP-00004&amp;apos;, ip: &amp;apos;192.168.0.124&amp;apos;, os.name: &amp;apos;Windows 10&amp;apos;, os.arch: &amp;apos;amd64&amp;apos;, os.version: &amp;apos;10.0&amp;apos;, java.version: &amp;apos;1.8.0_221&amp;apos;
Driver info: io.appium.java_client.android.AndroidDriver
Capabilities {appActivity: sg.com.blu.android.features..., appPackage: sg.com.blu.android.uat, databaseEnabled: false, desired: {appActivity: sg.com.blu.android.features..., appPackage: sg.com.blu.android.uat, deviceName: Galaxy S8+, platformName: android, platformVersion: 8.0.0, resetKeyboard: true, udid: ce031713d5fad93001, unicodeKeyboard: true}, deviceManufacturer: samsung, deviceModel: SM-G955F, deviceName: ce031713d5fad93001, deviceScreenSize: 1440x2960, deviceUDID: ce031713d5fad93001, javascriptEnabled: true, locationContextEnabled: false, networkConnectionEnabled: true, platform: LINUX, platformName: Android, platformVersion: 8.0.0, resetKeyboard: true, takesScreenshot: true, udid: ce031713d5fad93001, unicodeKeyboard: true, warnings: {}, webStorageEnabled: false}
Session ID: 332c1d77-78c5-4091-a204-70fb6429d6f5
*** Element info: {Using=id, value=sg.com.blu.android.uat.uat:id/error_tv}">
      <![CDATA[org.openqa.selenium.NoSuchElementException: An element could not be located on the page using the given search parameters.
For documentation on this error, please visit: https://www.seleniumhq.org/exceptions/no_such_element.html
Build info: version: '3.141.59', revision: 'e82be7d358', time: '2018-11-14T08:17:03'
System info: host: 'BLU-LP-00004', ip: '192.168.0.124', os.name: 'Windows 10', os.arch: 'amd64', os.version: '10.0', java.version: '1.8.0_221'
Driver info: io.appium.java_client.android.AndroidDriver
Capabilities {appActivity: sg.com.blu.android.features..., appPackage: sg.com.blu.android.uat, databaseEnabled: false, desired: {appActivity: sg.com.blu.android.features..., appPackage: sg.com.blu.android.uat, deviceName: Galaxy S8+, platformName: android, platformVersion: 8.0.0, resetKeyboard: true, udid: ce031713d5fad93001, unicodeKeyboard: true}, deviceManufacturer: samsung, deviceModel: SM-G955F, deviceName: ce031713d5fad93001, deviceScreenSize: 1440x2960, deviceUDID: ce031713d5fad93001, javascriptEnabled: true, locationContextEnabled: false, networkConnectionEnabled: true, platform: LINUX, platformName: Android, platformVersion: 8.0.0, resetKeyboard: true, takesScreenshot: true, udid: ce031713d5fad93001, unicodeKeyboard: true, warnings: {}, webStorageEnabled: false}
Session ID: 332c1d77-78c5-4091-a204-70fb6429d6f5
*** Element info: {Using=id, value=sg.com.blu.android.uat.uat:id/error_tv}
at org.openqa.selenium.remote.http.W3CHttpResponseCodec.createException(W3CHttpResponseCodec.java:187)
at org.openqa.selenium.remote.http.W3CHttpResponseCodec.decode(W3CHttpResponseCodec.java:122)
at org.openqa.selenium.remote.http.W3CHttpResponseCodec.decode(W3CHttpResponseCodec.java:49)
at org.openqa.selenium.remote.HttpCommandExecutor.execute(HttpCommandExecutor.java:158)
at io.appium.java_client.remote.AppiumCommandExecutor.execute(AppiumCommandExecutor.java:239)
at org.openqa.selenium.remote.RemoteWebDriver.execute(RemoteWebDriver.java:552)
at io.appium.java_client.DefaultGenericMobileDriver.execute(DefaultGenericMobileDriver.java:41)
at io.appium.java_client.AppiumDriver.execute(AppiumDriver.java:1)
at io.appium.java_client.android.AndroidDriver.execute(AndroidDriver.java:1)
at org.openqa.selenium.remote.RemoteWebDriver.findElement(RemoteWebDriver.java:323)
at io.appium.java_client.DefaultGenericMobileDriver.findElement(DefaultGenericMobileDriver.java:61)
at io.appium.java_client.AppiumDriver.findElement(AppiumDriver.java:1)
at io.appium.java_client.android.AndroidDriver.findElement(AndroidDriver.java:1)
at org.openqa.selenium.remote.RemoteWebDriver.findElementById(RemoteWebDriver.java:372)
at io.appium.java_client.DefaultGenericMobileDriver.findElementById(DefaultGenericMobileDriver.java:69)
at io.appium.java_client.AppiumDriver.findElementById(AppiumDriver.java:1)
at io.appium.java_client.android.AndroidDriver.findElementById(AndroidDriver.java:1)
at org.openqa.selenium.By$ById.findElement(By.java:188)
at org.openqa.selenium.remote.RemoteWebDriver.findElement(RemoteWebDriver.java:315)
at io.appium.java_client.DefaultGenericMobileDriver.findElement(DefaultGenericMobileDriver.java:57)
at io.appium.java_client.AppiumDriver.findElement(AppiumDriver.java:1)
at io.appium.java_client.android.AndroidDriver.findElement(AndroidDriver.java:1)
at bluAndroid.bluAndroid.pageObjects.LoginScreen.inlineErrorBelowUsername(LoginScreen.java:47)
at bluAndroid.bluAndroid.TestScripts.BluLoginTestRunner.tc11_invalidMobileNumberInvalidPassword(BluLoginTestRunner.java:164)
at java.util.ArrayList.forEach(Unknown Source)
... Removed 31 stack frames]]>
    </failure>
  </testcase> <!-- tc11_invalidMobileNumberInvalidPassword -->
  <testcase name="tc01_signup" time="100.401" classname="bluAndroid.bluAndroid.TestScripts.BluSignUpTestRunner">
    <failure type="org.openqa.selenium.NoSuchElementException" message="An element could not be located on the page using the given search parameters.
For documentation on this error, please visit: https://www.seleniumhq.org/exceptions/no_such_element.html
Build info: version: &amp;apos;3.141.59&amp;apos;, revision: &amp;apos;e82be7d358&amp;apos;, time: &amp;apos;2018-11-14T08:17:03&amp;apos;
System info: host: &amp;apos;BLU-LP-00004&amp;apos;, ip: &amp;apos;192.168.0.124&amp;apos;, os.name: &amp;apos;Windows 10&amp;apos;, os.arch: &amp;apos;amd64&amp;apos;, os.version: &amp;apos;10.0&amp;apos;, java.version: &amp;apos;1.8.0_221&amp;apos;
Driver info: io.appium.java_client.android.AndroidDriver
Capabilities {appActivity: sg.com.blu.android.features..., appPackage: sg.com.blu.android.uat, databaseEnabled: false, desired: {appActivity: sg.com.blu.android.features..., appPackage: sg.com.blu.android.uat, deviceName: Galaxy S8+, platformName: android, platformVersion: 8.0.0, resetKeyboard: true, udid: ce031713d5fad93001, unicodeKeyboard: true}, deviceManufacturer: samsung, deviceModel: SM-G955F, deviceName: ce031713d5fad93001, deviceScreenSize: 1440x2960, deviceUDID: ce031713d5fad93001, javascriptEnabled: true, locationContextEnabled: false, networkConnectionEnabled: true, platform: LINUX, platformName: Android, platformVersion: 8.0.0, resetKeyboard: true, takesScreenshot: true, udid: ce031713d5fad93001, unicodeKeyboard: true, warnings: {}, webStorageEnabled: false}
Session ID: fb96638d-9f5c-4291-89af-421da1d14186
*** Element info: {Using=id, value=sg.com.blu.android:id/sign_up_btn}">
      <![CDATA[org.openqa.selenium.NoSuchElementException: An element could not be located on the page using the given search parameters.
For documentation on this error, please visit: https://www.seleniumhq.org/exceptions/no_such_element.html
Build info: version: '3.141.59', revision: 'e82be7d358', time: '2018-11-14T08:17:03'
System info: host: 'BLU-LP-00004', ip: '192.168.0.124', os.name: 'Windows 10', os.arch: 'amd64', os.version: '10.0', java.version: '1.8.0_221'
Driver info: io.appium.java_client.android.AndroidDriver
Capabilities {appActivity: sg.com.blu.android.features..., appPackage: sg.com.blu.android.uat, databaseEnabled: false, desired: {appActivity: sg.com.blu.android.features..., appPackage: sg.com.blu.android.uat, deviceName: Galaxy S8+, platformName: android, platformVersion: 8.0.0, resetKeyboard: true, udid: ce031713d5fad93001, unicodeKeyboard: true}, deviceManufacturer: samsung, deviceModel: SM-G955F, deviceName: ce031713d5fad93001, deviceScreenSize: 1440x2960, deviceUDID: ce031713d5fad93001, javascriptEnabled: true, locationContextEnabled: false, networkConnectionEnabled: true, platform: LINUX, platformName: Android, platformVersion: 8.0.0, resetKeyboard: true, takesScreenshot: true, udid: ce031713d5fad93001, unicodeKeyboard: true, warnings: {}, webStorageEnabled: false}
Session ID: fb96638d-9f5c-4291-89af-421da1d14186
*** Element info: {Using=id, value=sg.com.blu.android:id/sign_up_btn}
at org.openqa.selenium.remote.http.W3CHttpResponseCodec.createException(W3CHttpResponseCodec.java:187)
at org.openqa.selenium.remote.http.W3CHttpResponseCodec.decode(W3CHttpResponseCodec.java:122)
at org.openqa.selenium.remote.http.W3CHttpResponseCodec.decode(W3CHttpResponseCodec.java:49)
at org.openqa.selenium.remote.HttpCommandExecutor.execute(HttpCommandExecutor.java:158)
at io.appium.java_client.remote.AppiumCommandExecutor.execute(AppiumCommandExecutor.java:239)
at org.openqa.selenium.remote.RemoteWebDriver.execute(RemoteWebDriver.java:552)
at io.appium.java_client.DefaultGenericMobileDriver.execute(DefaultGenericMobileDriver.java:41)
at io.appium.java_client.AppiumDriver.execute(AppiumDriver.java:1)
at io.appium.java_client.android.AndroidDriver.execute(AndroidDriver.java:1)
at org.openqa.selenium.remote.RemoteWebDriver.findElement(RemoteWebDriver.java:323)
at io.appium.java_client.DefaultGenericMobileDriver.findElement(DefaultGenericMobileDriver.java:61)
at io.appium.java_client.AppiumDriver.findElement(AppiumDriver.java:1)
at io.appium.java_client.android.AndroidDriver.findElement(AndroidDriver.java:1)
at org.openqa.selenium.remote.RemoteWebDriver.findElementById(RemoteWebDriver.java:372)
at io.appium.java_client.DefaultGenericMobileDriver.findElementById(DefaultGenericMobileDriver.java:69)
at io.appium.java_client.AppiumDriver.findElementById(AppiumDriver.java:1)
at io.appium.java_client.android.AndroidDriver.findElementById(AndroidDriver.java:1)
at org.openqa.selenium.By$ById.findElement(By.java:188)
at org.openqa.selenium.remote.RemoteWebDriver.findElement(RemoteWebDriver.java:315)
at io.appium.java_client.DefaultGenericMobileDriver.findElement(DefaultGenericMobileDriver.java:57)
at io.appium.java_client.AppiumDriver.findElement(AppiumDriver.java:1)
at io.appium.java_client.android.AndroidDriver.findElement(AndroidDriver.java:1)
at bluAndroid.bluAndroid.pageObjects.SignUpScreen.clickSignUpBtn(SignUpScreen.java:33)
at bluAndroid.bluAndroid.TestScripts.BluSignUpTestRunner.tc01_signup(BluSignUpTestRunner.java:57)
at java.util.ArrayList.forEach(Unknown Source)
... Removed 31 stack frames]]>
    </failure>
  </testcase> <!-- tc01_signup -->
  <testcase name="tc02_signupWithoutReferralCode" time="100.537" classname="bluAndroid.bluAndroid.TestScripts.BluSignUpTestRunner">
    <failure type="org.openqa.selenium.NoSuchElementException" message="An element could not be located on the page using the given search parameters.
For documentation on this error, please visit: https://www.seleniumhq.org/exceptions/no_such_element.html
Build info: version: &amp;apos;3.141.59&amp;apos;, revision: &amp;apos;e82be7d358&amp;apos;, time: &amp;apos;2018-11-14T08:17:03&amp;apos;
System info: host: &amp;apos;BLU-LP-00004&amp;apos;, ip: &amp;apos;192.168.0.124&amp;apos;, os.name: &amp;apos;Windows 10&amp;apos;, os.arch: &amp;apos;amd64&amp;apos;, os.version: &amp;apos;10.0&amp;apos;, java.version: &amp;apos;1.8.0_221&amp;apos;
Driver info: io.appium.java_client.android.AndroidDriver
Capabilities {appActivity: sg.com.blu.android.features..., appPackage: sg.com.blu.android.uat, databaseEnabled: false, desired: {appActivity: sg.com.blu.android.features..., appPackage: sg.com.blu.android.uat, deviceName: Galaxy S8+, platformName: android, platformVersion: 8.0.0, resetKeyboard: true, udid: ce031713d5fad93001, unicodeKeyboard: true}, deviceManufacturer: samsung, deviceModel: SM-G955F, deviceName: ce031713d5fad93001, deviceScreenSize: 1440x2960, deviceUDID: ce031713d5fad93001, javascriptEnabled: true, locationContextEnabled: false, networkConnectionEnabled: true, platform: LINUX, platformName: Android, platformVersion: 8.0.0, resetKeyboard: true, takesScreenshot: true, udid: ce031713d5fad93001, unicodeKeyboard: true, warnings: {}, webStorageEnabled: false}
Session ID: 9354d74f-2ab5-4c77-aca1-f1353a7e5502
*** Element info: {Using=id, value=sg.com.blu.android:id/sign_up_btn}">
      <![CDATA[org.openqa.selenium.NoSuchElementException: An element could not be located on the page using the given search parameters.
For documentation on this error, please visit: https://www.seleniumhq.org/exceptions/no_such_element.html
Build info: version: '3.141.59', revision: 'e82be7d358', time: '2018-11-14T08:17:03'
System info: host: 'BLU-LP-00004', ip: '192.168.0.124', os.name: 'Windows 10', os.arch: 'amd64', os.version: '10.0', java.version: '1.8.0_221'
Driver info: io.appium.java_client.android.AndroidDriver
Capabilities {appActivity: sg.com.blu.android.features..., appPackage: sg.com.blu.android.uat, databaseEnabled: false, desired: {appActivity: sg.com.blu.android.features..., appPackage: sg.com.blu.android.uat, deviceName: Galaxy S8+, platformName: android, platformVersion: 8.0.0, resetKeyboard: true, udid: ce031713d5fad93001, unicodeKeyboard: true}, deviceManufacturer: samsung, deviceModel: SM-G955F, deviceName: ce031713d5fad93001, deviceScreenSize: 1440x2960, deviceUDID: ce031713d5fad93001, javascriptEnabled: true, locationContextEnabled: false, networkConnectionEnabled: true, platform: LINUX, platformName: Android, platformVersion: 8.0.0, resetKeyboard: true, takesScreenshot: true, udid: ce031713d5fad93001, unicodeKeyboard: true, warnings: {}, webStorageEnabled: false}
Session ID: 9354d74f-2ab5-4c77-aca1-f1353a7e5502
*** Element info: {Using=id, value=sg.com.blu.android:id/sign_up_btn}
at org.openqa.selenium.remote.http.W3CHttpResponseCodec.createException(W3CHttpResponseCodec.java:187)
at org.openqa.selenium.remote.http.W3CHttpResponseCodec.decode(W3CHttpResponseCodec.java:122)
at org.openqa.selenium.remote.http.W3CHttpResponseCodec.decode(W3CHttpResponseCodec.java:49)
at org.openqa.selenium.remote.HttpCommandExecutor.execute(HttpCommandExecutor.java:158)
at io.appium.java_client.remote.AppiumCommandExecutor.execute(AppiumCommandExecutor.java:239)
at org.openqa.selenium.remote.RemoteWebDriver.execute(RemoteWebDriver.java:552)
at io.appium.java_client.DefaultGenericMobileDriver.execute(DefaultGenericMobileDriver.java:41)
at io.appium.java_client.AppiumDriver.execute(AppiumDriver.java:1)
at io.appium.java_client.android.AndroidDriver.execute(AndroidDriver.java:1)
at org.openqa.selenium.remote.RemoteWebDriver.findElement(RemoteWebDriver.java:323)
at io.appium.java_client.DefaultGenericMobileDriver.findElement(DefaultGenericMobileDriver.java:61)
at io.appium.java_client.AppiumDriver.findElement(AppiumDriver.java:1)
at io.appium.java_client.android.AndroidDriver.findElement(AndroidDriver.java:1)
at org.openqa.selenium.remote.RemoteWebDriver.findElementById(RemoteWebDriver.java:372)
at io.appium.java_client.DefaultGenericMobileDriver.findElementById(DefaultGenericMobileDriver.java:69)
at io.appium.java_client.AppiumDriver.findElementById(AppiumDriver.java:1)
at io.appium.java_client.android.AndroidDriver.findElementById(AndroidDriver.java:1)
at org.openqa.selenium.By$ById.findElement(By.java:188)
at org.openqa.selenium.remote.RemoteWebDriver.findElement(RemoteWebDriver.java:315)
at io.appium.java_client.DefaultGenericMobileDriver.findElement(DefaultGenericMobileDriver.java:57)
at io.appium.java_client.AppiumDriver.findElement(AppiumDriver.java:1)
at io.appium.java_client.android.AndroidDriver.findElement(AndroidDriver.java:1)
at bluAndroid.bluAndroid.pageObjects.SignUpScreen.clickSignUpBtn(SignUpScreen.java:33)
at bluAndroid.bluAndroid.TestScripts.BluSignUpTestRunner.tc02_signupWithoutReferralCode(BluSignUpTestRunner.java:79)
at java.util.ArrayList.forEach(Unknown Source)
... Removed 31 stack frames]]>
    </failure>
  </testcase> <!-- tc02_signupWithoutReferralCode -->
  <testcase name="tc03_signupWithoutGenderAndRefferalCode" time="100.058" classname="bluAndroid.bluAndroid.TestScripts.BluSignUpTestRunner">
    <failure type="org.openqa.selenium.NoSuchElementException" message="An element could not be located on the page using the given search parameters.
For documentation on this error, please visit: https://www.seleniumhq.org/exceptions/no_such_element.html
Build info: version: &amp;apos;3.141.59&amp;apos;, revision: &amp;apos;e82be7d358&amp;apos;, time: &amp;apos;2018-11-14T08:17:03&amp;apos;
System info: host: &amp;apos;BLU-LP-00004&amp;apos;, ip: &amp;apos;192.168.0.124&amp;apos;, os.name: &amp;apos;Windows 10&amp;apos;, os.arch: &amp;apos;amd64&amp;apos;, os.version: &amp;apos;10.0&amp;apos;, java.version: &amp;apos;1.8.0_221&amp;apos;
Driver info: io.appium.java_client.android.AndroidDriver
Capabilities {appActivity: sg.com.blu.android.features..., appPackage: sg.com.blu.android.uat, databaseEnabled: false, desired: {appActivity: sg.com.blu.android.features..., appPackage: sg.com.blu.android.uat, deviceName: Galaxy S8+, platformName: android, platformVersion: 8.0.0, resetKeyboard: true, udid: ce031713d5fad93001, unicodeKeyboard: true}, deviceManufacturer: samsung, deviceModel: SM-G955F, deviceName: ce031713d5fad93001, deviceScreenSize: 1440x2960, deviceUDID: ce031713d5fad93001, javascriptEnabled: true, locationContextEnabled: false, networkConnectionEnabled: true, platform: LINUX, platformName: Android, platformVersion: 8.0.0, resetKeyboard: true, takesScreenshot: true, udid: ce031713d5fad93001, unicodeKeyboard: true, warnings: {}, webStorageEnabled: false}
Session ID: acff26be-9892-460e-95e7-7f3107b622c5
*** Element info: {Using=id, value=sg.com.blu.android:id/sign_up_btn}">
      <![CDATA[org.openqa.selenium.NoSuchElementException: An element could not be located on the page using the given search parameters.
For documentation on this error, please visit: https://www.seleniumhq.org/exceptions/no_such_element.html
Build info: version: '3.141.59', revision: 'e82be7d358', time: '2018-11-14T08:17:03'
System info: host: 'BLU-LP-00004', ip: '192.168.0.124', os.name: 'Windows 10', os.arch: 'amd64', os.version: '10.0', java.version: '1.8.0_221'
Driver info: io.appium.java_client.android.AndroidDriver
Capabilities {appActivity: sg.com.blu.android.features..., appPackage: sg.com.blu.android.uat, databaseEnabled: false, desired: {appActivity: sg.com.blu.android.features..., appPackage: sg.com.blu.android.uat, deviceName: Galaxy S8+, platformName: android, platformVersion: 8.0.0, resetKeyboard: true, udid: ce031713d5fad93001, unicodeKeyboard: true}, deviceManufacturer: samsung, deviceModel: SM-G955F, deviceName: ce031713d5fad93001, deviceScreenSize: 1440x2960, deviceUDID: ce031713d5fad93001, javascriptEnabled: true, locationContextEnabled: false, networkConnectionEnabled: true, platform: LINUX, platformName: Android, platformVersion: 8.0.0, resetKeyboard: true, takesScreenshot: true, udid: ce031713d5fad93001, unicodeKeyboard: true, warnings: {}, webStorageEnabled: false}
Session ID: acff26be-9892-460e-95e7-7f3107b622c5
*** Element info: {Using=id, value=sg.com.blu.android:id/sign_up_btn}
at org.openqa.selenium.remote.http.W3CHttpResponseCodec.createException(W3CHttpResponseCodec.java:187)
at org.openqa.selenium.remote.http.W3CHttpResponseCodec.decode(W3CHttpResponseCodec.java:122)
at org.openqa.selenium.remote.http.W3CHttpResponseCodec.decode(W3CHttpResponseCodec.java:49)
at org.openqa.selenium.remote.HttpCommandExecutor.execute(HttpCommandExecutor.java:158)
at io.appium.java_client.remote.AppiumCommandExecutor.execute(AppiumCommandExecutor.java:239)
at org.openqa.selenium.remote.RemoteWebDriver.execute(RemoteWebDriver.java:552)
at io.appium.java_client.DefaultGenericMobileDriver.execute(DefaultGenericMobileDriver.java:41)
at io.appium.java_client.AppiumDriver.execute(AppiumDriver.java:1)
at io.appium.java_client.android.AndroidDriver.execute(AndroidDriver.java:1)
at org.openqa.selenium.remote.RemoteWebDriver.findElement(RemoteWebDriver.java:323)
at io.appium.java_client.DefaultGenericMobileDriver.findElement(DefaultGenericMobileDriver.java:61)
at io.appium.java_client.AppiumDriver.findElement(AppiumDriver.java:1)
at io.appium.java_client.android.AndroidDriver.findElement(AndroidDriver.java:1)
at org.openqa.selenium.remote.RemoteWebDriver.findElementById(RemoteWebDriver.java:372)
at io.appium.java_client.DefaultGenericMobileDriver.findElementById(DefaultGenericMobileDriver.java:69)
at io.appium.java_client.AppiumDriver.findElementById(AppiumDriver.java:1)
at io.appium.java_client.android.AndroidDriver.findElementById(AndroidDriver.java:1)
at org.openqa.selenium.By$ById.findElement(By.java:188)
at org.openqa.selenium.remote.RemoteWebDriver.findElement(RemoteWebDriver.java:315)
at io.appium.java_client.DefaultGenericMobileDriver.findElement(DefaultGenericMobileDriver.java:57)
at io.appium.java_client.AppiumDriver.findElement(AppiumDriver.java:1)
at io.appium.java_client.android.AndroidDriver.findElement(AndroidDriver.java:1)
at bluAndroid.bluAndroid.pageObjects.SignUpScreen.clickSignUpBtn(SignUpScreen.java:33)
at bluAndroid.bluAndroid.pageObjects.SignUpScreen.signupWithoutGenderAndRefferalCode(SignUpScreen.java:223)
at bluAndroid.bluAndroid.TestScripts.BluSignUpTestRunner.tc03_signupWithoutGenderAndRefferalCode(BluSignUpTestRunner.java:90)
at java.util.ArrayList.forEach(Unknown Source)
... Removed 31 stack frames]]>
    </failure>
  </testcase> <!-- tc03_signupWithoutGenderAndRefferalCode -->
  <testcase name="tc04_signupWithoutDOBGenderAndRefferalCode" time="100.264" classname="bluAndroid.bluAndroid.TestScripts.BluSignUpTestRunner">
    <failure type="org.openqa.selenium.NoSuchElementException" message="An element could not be located on the page using the given search parameters.
For documentation on this error, please visit: https://www.seleniumhq.org/exceptions/no_such_element.html
Build info: version: &amp;apos;3.141.59&amp;apos;, revision: &amp;apos;e82be7d358&amp;apos;, time: &amp;apos;2018-11-14T08:17:03&amp;apos;
System info: host: &amp;apos;BLU-LP-00004&amp;apos;, ip: &amp;apos;192.168.0.124&amp;apos;, os.name: &amp;apos;Windows 10&amp;apos;, os.arch: &amp;apos;amd64&amp;apos;, os.version: &amp;apos;10.0&amp;apos;, java.version: &amp;apos;1.8.0_221&amp;apos;
Driver info: io.appium.java_client.android.AndroidDriver
Capabilities {appActivity: sg.com.blu.android.features..., appPackage: sg.com.blu.android.uat, databaseEnabled: false, desired: {appActivity: sg.com.blu.android.features..., appPackage: sg.com.blu.android.uat, deviceName: Galaxy S8+, platformName: android, platformVersion: 8.0.0, resetKeyboard: true, udid: ce031713d5fad93001, unicodeKeyboard: true}, deviceManufacturer: samsung, deviceModel: SM-G955F, deviceName: ce031713d5fad93001, deviceScreenSize: 1440x2960, deviceUDID: ce031713d5fad93001, javascriptEnabled: true, locationContextEnabled: false, networkConnectionEnabled: true, platform: LINUX, platformName: Android, platformVersion: 8.0.0, resetKeyboard: true, takesScreenshot: true, udid: ce031713d5fad93001, unicodeKeyboard: true, warnings: {}, webStorageEnabled: false}
Session ID: da364aea-8176-4402-81af-d5f02ebc1126
*** Element info: {Using=id, value=sg.com.blu.android:id/sign_up_btn}">
      <![CDATA[org.openqa.selenium.NoSuchElementException: An element could not be located on the page using the given search parameters.
For documentation on this error, please visit: https://www.seleniumhq.org/exceptions/no_such_element.html
Build info: version: '3.141.59', revision: 'e82be7d358', time: '2018-11-14T08:17:03'
System info: host: 'BLU-LP-00004', ip: '192.168.0.124', os.name: 'Windows 10', os.arch: 'amd64', os.version: '10.0', java.version: '1.8.0_221'
Driver info: io.appium.java_client.android.AndroidDriver
Capabilities {appActivity: sg.com.blu.android.features..., appPackage: sg.com.blu.android.uat, databaseEnabled: false, desired: {appActivity: sg.com.blu.android.features..., appPackage: sg.com.blu.android.uat, deviceName: Galaxy S8+, platformName: android, platformVersion: 8.0.0, resetKeyboard: true, udid: ce031713d5fad93001, unicodeKeyboard: true}, deviceManufacturer: samsung, deviceModel: SM-G955F, deviceName: ce031713d5fad93001, deviceScreenSize: 1440x2960, deviceUDID: ce031713d5fad93001, javascriptEnabled: true, locationContextEnabled: false, networkConnectionEnabled: true, platform: LINUX, platformName: Android, platformVersion: 8.0.0, resetKeyboard: true, takesScreenshot: true, udid: ce031713d5fad93001, unicodeKeyboard: true, warnings: {}, webStorageEnabled: false}
Session ID: da364aea-8176-4402-81af-d5f02ebc1126
*** Element info: {Using=id, value=sg.com.blu.android:id/sign_up_btn}
at org.openqa.selenium.remote.http.W3CHttpResponseCodec.createException(W3CHttpResponseCodec.java:187)
at org.openqa.selenium.remote.http.W3CHttpResponseCodec.decode(W3CHttpResponseCodec.java:122)
at org.openqa.selenium.remote.http.W3CHttpResponseCodec.decode(W3CHttpResponseCodec.java:49)
at org.openqa.selenium.remote.HttpCommandExecutor.execute(HttpCommandExecutor.java:158)
at io.appium.java_client.remote.AppiumCommandExecutor.execute(AppiumCommandExecutor.java:239)
at org.openqa.selenium.remote.RemoteWebDriver.execute(RemoteWebDriver.java:552)
at io.appium.java_client.DefaultGenericMobileDriver.execute(DefaultGenericMobileDriver.java:41)
at io.appium.java_client.AppiumDriver.execute(AppiumDriver.java:1)
at io.appium.java_client.android.AndroidDriver.execute(AndroidDriver.java:1)
at org.openqa.selenium.remote.RemoteWebDriver.findElement(RemoteWebDriver.java:323)
at io.appium.java_client.DefaultGenericMobileDriver.findElement(DefaultGenericMobileDriver.java:61)
at io.appium.java_client.AppiumDriver.findElement(AppiumDriver.java:1)
at io.appium.java_client.android.AndroidDriver.findElement(AndroidDriver.java:1)
at org.openqa.selenium.remote.RemoteWebDriver.findElementById(RemoteWebDriver.java:372)
at io.appium.java_client.DefaultGenericMobileDriver.findElementById(DefaultGenericMobileDriver.java:69)
at io.appium.java_client.AppiumDriver.findElementById(AppiumDriver.java:1)
at io.appium.java_client.android.AndroidDriver.findElementById(AndroidDriver.java:1)
at org.openqa.selenium.By$ById.findElement(By.java:188)
at org.openqa.selenium.remote.RemoteWebDriver.findElement(RemoteWebDriver.java:315)
at io.appium.java_client.DefaultGenericMobileDriver.findElement(DefaultGenericMobileDriver.java:57)
at io.appium.java_client.AppiumDriver.findElement(AppiumDriver.java:1)
at io.appium.java_client.android.AndroidDriver.findElement(AndroidDriver.java:1)
at bluAndroid.bluAndroid.pageObjects.SignUpScreen.clickSignUpBtn(SignUpScreen.java:33)
at bluAndroid.bluAndroid.pageObjects.SignUpScreen.signupWithoutDOBGenderAndRefferalCode(SignUpScreen.java:241)
at bluAndroid.bluAndroid.TestScripts.BluSignUpTestRunner.tc04_signupWithoutDOBGenderAndRefferalCode(BluSignUpTestRunner.java:100)
at java.util.ArrayList.forEach(Unknown Source)
... Removed 31 stack frames]]>
    </failure>
  </testcase> <!-- tc04_signupWithoutDOBGenderAndRefferalCode -->
  <testcase name="tc05_signupManDetails" time="100.564" classname="bluAndroid.bluAndroid.TestScripts.BluSignUpTestRunner">
    <failure type="org.openqa.selenium.NoSuchElementException" message="An element could not be located on the page using the given search parameters.
For documentation on this error, please visit: https://www.seleniumhq.org/exceptions/no_such_element.html
Build info: version: &amp;apos;3.141.59&amp;apos;, revision: &amp;apos;e82be7d358&amp;apos;, time: &amp;apos;2018-11-14T08:17:03&amp;apos;
System info: host: &amp;apos;BLU-LP-00004&amp;apos;, ip: &amp;apos;192.168.0.124&amp;apos;, os.name: &amp;apos;Windows 10&amp;apos;, os.arch: &amp;apos;amd64&amp;apos;, os.version: &amp;apos;10.0&amp;apos;, java.version: &amp;apos;1.8.0_221&amp;apos;
Driver info: io.appium.java_client.android.AndroidDriver
Capabilities {appActivity: sg.com.blu.android.features..., appPackage: sg.com.blu.android.uat, databaseEnabled: false, desired: {appActivity: sg.com.blu.android.features..., appPackage: sg.com.blu.android.uat, deviceName: Galaxy S8+, platformName: android, platformVersion: 8.0.0, resetKeyboard: true, udid: ce031713d5fad93001, unicodeKeyboard: true}, deviceManufacturer: samsung, deviceModel: SM-G955F, deviceName: ce031713d5fad93001, deviceScreenSize: 1440x2960, deviceUDID: ce031713d5fad93001, javascriptEnabled: true, locationContextEnabled: false, networkConnectionEnabled: true, platform: LINUX, platformName: Android, platformVersion: 8.0.0, resetKeyboard: true, takesScreenshot: true, udid: ce031713d5fad93001, unicodeKeyboard: true, warnings: {}, webStorageEnabled: false}
Session ID: ed215e9c-1da6-40ae-bfc4-58687c2c6499
*** Element info: {Using=id, value=sg.com.blu.android:id/sign_up_btn}">
      <![CDATA[org.openqa.selenium.NoSuchElementException: An element could not be located on the page using the given search parameters.
For documentation on this error, please visit: https://www.seleniumhq.org/exceptions/no_such_element.html
Build info: version: '3.141.59', revision: 'e82be7d358', time: '2018-11-14T08:17:03'
System info: host: 'BLU-LP-00004', ip: '192.168.0.124', os.name: 'Windows 10', os.arch: 'amd64', os.version: '10.0', java.version: '1.8.0_221'
Driver info: io.appium.java_client.android.AndroidDriver
Capabilities {appActivity: sg.com.blu.android.features..., appPackage: sg.com.blu.android.uat, databaseEnabled: false, desired: {appActivity: sg.com.blu.android.features..., appPackage: sg.com.blu.android.uat, deviceName: Galaxy S8+, platformName: android, platformVersion: 8.0.0, resetKeyboard: true, udid: ce031713d5fad93001, unicodeKeyboard: true}, deviceManufacturer: samsung, deviceModel: SM-G955F, deviceName: ce031713d5fad93001, deviceScreenSize: 1440x2960, deviceUDID: ce031713d5fad93001, javascriptEnabled: true, locationContextEnabled: false, networkConnectionEnabled: true, platform: LINUX, platformName: Android, platformVersion: 8.0.0, resetKeyboard: true, takesScreenshot: true, udid: ce031713d5fad93001, unicodeKeyboard: true, warnings: {}, webStorageEnabled: false}
Session ID: ed215e9c-1da6-40ae-bfc4-58687c2c6499
*** Element info: {Using=id, value=sg.com.blu.android:id/sign_up_btn}
at org.openqa.selenium.remote.http.W3CHttpResponseCodec.createException(W3CHttpResponseCodec.java:187)
at org.openqa.selenium.remote.http.W3CHttpResponseCodec.decode(W3CHttpResponseCodec.java:122)
at org.openqa.selenium.remote.http.W3CHttpResponseCodec.decode(W3CHttpResponseCodec.java:49)
at org.openqa.selenium.remote.HttpCommandExecutor.execute(HttpCommandExecutor.java:158)
at io.appium.java_client.remote.AppiumCommandExecutor.execute(AppiumCommandExecutor.java:239)
at org.openqa.selenium.remote.RemoteWebDriver.execute(RemoteWebDriver.java:552)
at io.appium.java_client.DefaultGenericMobileDriver.execute(DefaultGenericMobileDriver.java:41)
at io.appium.java_client.AppiumDriver.execute(AppiumDriver.java:1)
at io.appium.java_client.android.AndroidDriver.execute(AndroidDriver.java:1)
at org.openqa.selenium.remote.RemoteWebDriver.findElement(RemoteWebDriver.java:323)
at io.appium.java_client.DefaultGenericMobileDriver.findElement(DefaultGenericMobileDriver.java:61)
at io.appium.java_client.AppiumDriver.findElement(AppiumDriver.java:1)
at io.appium.java_client.android.AndroidDriver.findElement(AndroidDriver.java:1)
at org.openqa.selenium.remote.RemoteWebDriver.findElementById(RemoteWebDriver.java:372)
at io.appium.java_client.DefaultGenericMobileDriver.findElementById(DefaultGenericMobileDriver.java:69)
at io.appium.java_client.AppiumDriver.findElementById(AppiumDriver.java:1)
at io.appium.java_client.android.AndroidDriver.findElementById(AndroidDriver.java:1)
at org.openqa.selenium.By$ById.findElement(By.java:188)
at org.openqa.selenium.remote.RemoteWebDriver.findElement(RemoteWebDriver.java:315)
at io.appium.java_client.DefaultGenericMobileDriver.findElement(DefaultGenericMobileDriver.java:57)
at io.appium.java_client.AppiumDriver.findElement(AppiumDriver.java:1)
at io.appium.java_client.android.AndroidDriver.findElement(AndroidDriver.java:1)
at bluAndroid.bluAndroid.pageObjects.SignUpScreen.clickSignUpBtn(SignUpScreen.java:33)
at bluAndroid.bluAndroid.pageObjects.SignUpScreen.bluSignUpManDetails(SignUpScreen.java:192)
at bluAndroid.bluAndroid.TestScripts.BluSignUpTestRunner.tc05_signupManDetails(BluSignUpTestRunner.java:110)
at java.util.ArrayList.forEach(Unknown Source)
... Removed 31 stack frames]]>
    </failure>
  </testcase> <!-- tc05_signupManDetails -->
  <testcase name="tc06_signupInvalidEmail" time="100.37" classname="bluAndroid.bluAndroid.TestScripts.BluSignUpTestRunner">
    <failure type="org.openqa.selenium.NoSuchElementException" message="An element could not be located on the page using the given search parameters.
For documentation on this error, please visit: https://www.seleniumhq.org/exceptions/no_such_element.html
Build info: version: &amp;apos;3.141.59&amp;apos;, revision: &amp;apos;e82be7d358&amp;apos;, time: &amp;apos;2018-11-14T08:17:03&amp;apos;
System info: host: &amp;apos;BLU-LP-00004&amp;apos;, ip: &amp;apos;192.168.0.124&amp;apos;, os.name: &amp;apos;Windows 10&amp;apos;, os.arch: &amp;apos;amd64&amp;apos;, os.version: &amp;apos;10.0&amp;apos;, java.version: &amp;apos;1.8.0_221&amp;apos;
Driver info: io.appium.java_client.android.AndroidDriver
Capabilities {appActivity: sg.com.blu.android.features..., appPackage: sg.com.blu.android.uat, databaseEnabled: false, desired: {appActivity: sg.com.blu.android.features..., appPackage: sg.com.blu.android.uat, deviceName: Galaxy S8+, platformName: android, platformVersion: 8.0.0, resetKeyboard: true, udid: ce031713d5fad93001, unicodeKeyboard: true}, deviceManufacturer: samsung, deviceModel: SM-G955F, deviceName: ce031713d5fad93001, deviceScreenSize: 1440x2960, deviceUDID: ce031713d5fad93001, javascriptEnabled: true, locationContextEnabled: false, networkConnectionEnabled: true, platform: LINUX, platformName: Android, platformVersion: 8.0.0, resetKeyboard: true, takesScreenshot: true, udid: ce031713d5fad93001, unicodeKeyboard: true, warnings: {}, webStorageEnabled: false}
Session ID: f42c30dc-21ca-4ece-82ff-2cae498c2667
*** Element info: {Using=id, value=sg.com.blu.android:id/sign_up_btn}">
      <![CDATA[org.openqa.selenium.NoSuchElementException: An element could not be located on the page using the given search parameters.
For documentation on this error, please visit: https://www.seleniumhq.org/exceptions/no_such_element.html
Build info: version: '3.141.59', revision: 'e82be7d358', time: '2018-11-14T08:17:03'
System info: host: 'BLU-LP-00004', ip: '192.168.0.124', os.name: 'Windows 10', os.arch: 'amd64', os.version: '10.0', java.version: '1.8.0_221'
Driver info: io.appium.java_client.android.AndroidDriver
Capabilities {appActivity: sg.com.blu.android.features..., appPackage: sg.com.blu.android.uat, databaseEnabled: false, desired: {appActivity: sg.com.blu.android.features..., appPackage: sg.com.blu.android.uat, deviceName: Galaxy S8+, platformName: android, platformVersion: 8.0.0, resetKeyboard: true, udid: ce031713d5fad93001, unicodeKeyboard: true}, deviceManufacturer: samsung, deviceModel: SM-G955F, deviceName: ce031713d5fad93001, deviceScreenSize: 1440x2960, deviceUDID: ce031713d5fad93001, javascriptEnabled: true, locationContextEnabled: false, networkConnectionEnabled: true, platform: LINUX, platformName: Android, platformVersion: 8.0.0, resetKeyboard: true, takesScreenshot: true, udid: ce031713d5fad93001, unicodeKeyboard: true, warnings: {}, webStorageEnabled: false}
Session ID: f42c30dc-21ca-4ece-82ff-2cae498c2667
*** Element info: {Using=id, value=sg.com.blu.android:id/sign_up_btn}
at org.openqa.selenium.remote.http.W3CHttpResponseCodec.createException(W3CHttpResponseCodec.java:187)
at org.openqa.selenium.remote.http.W3CHttpResponseCodec.decode(W3CHttpResponseCodec.java:122)
at org.openqa.selenium.remote.http.W3CHttpResponseCodec.decode(W3CHttpResponseCodec.java:49)
at org.openqa.selenium.remote.HttpCommandExecutor.execute(HttpCommandExecutor.java:158)
at io.appium.java_client.remote.AppiumCommandExecutor.execute(AppiumCommandExecutor.java:239)
at org.openqa.selenium.remote.RemoteWebDriver.execute(RemoteWebDriver.java:552)
at io.appium.java_client.DefaultGenericMobileDriver.execute(DefaultGenericMobileDriver.java:41)
at io.appium.java_client.AppiumDriver.execute(AppiumDriver.java:1)
at io.appium.java_client.android.AndroidDriver.execute(AndroidDriver.java:1)
at org.openqa.selenium.remote.RemoteWebDriver.findElement(RemoteWebDriver.java:323)
at io.appium.java_client.DefaultGenericMobileDriver.findElement(DefaultGenericMobileDriver.java:61)
at io.appium.java_client.AppiumDriver.findElement(AppiumDriver.java:1)
at io.appium.java_client.android.AndroidDriver.findElement(AndroidDriver.java:1)
at org.openqa.selenium.remote.RemoteWebDriver.findElementById(RemoteWebDriver.java:372)
at io.appium.java_client.DefaultGenericMobileDriver.findElementById(DefaultGenericMobileDriver.java:69)
at io.appium.java_client.AppiumDriver.findElementById(AppiumDriver.java:1)
at io.appium.java_client.android.AndroidDriver.findElementById(AndroidDriver.java:1)
at org.openqa.selenium.By$ById.findElement(By.java:188)
at org.openqa.selenium.remote.RemoteWebDriver.findElement(RemoteWebDriver.java:315)
at io.appium.java_client.DefaultGenericMobileDriver.findElement(DefaultGenericMobileDriver.java:57)
at io.appium.java_client.AppiumDriver.findElement(AppiumDriver.java:1)
at io.appium.java_client.android.AndroidDriver.findElement(AndroidDriver.java:1)
at bluAndroid.bluAndroid.pageObjects.SignUpScreen.clickSignUpBtn(SignUpScreen.java:33)
at bluAndroid.bluAndroid.TestScripts.BluSignUpTestRunner.tc06_signupInvalidEmail(BluSignUpTestRunner.java:125)
at java.util.ArrayList.forEach(Unknown Source)
... Removed 31 stack frames]]>
    </failure>
  </testcase> <!-- tc06_signupInvalidEmail -->
  <testcase name="tc07_signupInvalidPassword" time="100.255" classname="bluAndroid.bluAndroid.TestScripts.BluSignUpTestRunner">
    <failure type="org.openqa.selenium.NoSuchElementException" message="An element could not be located on the page using the given search parameters.
For documentation on this error, please visit: https://www.seleniumhq.org/exceptions/no_such_element.html
Build info: version: &amp;apos;3.141.59&amp;apos;, revision: &amp;apos;e82be7d358&amp;apos;, time: &amp;apos;2018-11-14T08:17:03&amp;apos;
System info: host: &amp;apos;BLU-LP-00004&amp;apos;, ip: &amp;apos;192.168.0.124&amp;apos;, os.name: &amp;apos;Windows 10&amp;apos;, os.arch: &amp;apos;amd64&amp;apos;, os.version: &amp;apos;10.0&amp;apos;, java.version: &amp;apos;1.8.0_221&amp;apos;
Driver info: io.appium.java_client.android.AndroidDriver
Capabilities {appActivity: sg.com.blu.android.features..., appPackage: sg.com.blu.android.uat, databaseEnabled: false, desired: {appActivity: sg.com.blu.android.features..., appPackage: sg.com.blu.android.uat, deviceName: Galaxy S8+, platformName: android, platformVersion: 8.0.0, resetKeyboard: true, udid: ce031713d5fad93001, unicodeKeyboard: true}, deviceManufacturer: samsung, deviceModel: SM-G955F, deviceName: ce031713d5fad93001, deviceScreenSize: 1440x2960, deviceUDID: ce031713d5fad93001, javascriptEnabled: true, locationContextEnabled: false, networkConnectionEnabled: true, platform: LINUX, platformName: Android, platformVersion: 8.0.0, resetKeyboard: true, takesScreenshot: true, udid: ce031713d5fad93001, unicodeKeyboard: true, warnings: {}, webStorageEnabled: false}
Session ID: ea830035-b38c-4089-a251-20f4abd1b669
*** Element info: {Using=id, value=sg.com.blu.android:id/sign_up_btn}">
      <![CDATA[org.openqa.selenium.NoSuchElementException: An element could not be located on the page using the given search parameters.
For documentation on this error, please visit: https://www.seleniumhq.org/exceptions/no_such_element.html
Build info: version: '3.141.59', revision: 'e82be7d358', time: '2018-11-14T08:17:03'
System info: host: 'BLU-LP-00004', ip: '192.168.0.124', os.name: 'Windows 10', os.arch: 'amd64', os.version: '10.0', java.version: '1.8.0_221'
Driver info: io.appium.java_client.android.AndroidDriver
Capabilities {appActivity: sg.com.blu.android.features..., appPackage: sg.com.blu.android.uat, databaseEnabled: false, desired: {appActivity: sg.com.blu.android.features..., appPackage: sg.com.blu.android.uat, deviceName: Galaxy S8+, platformName: android, platformVersion: 8.0.0, resetKeyboard: true, udid: ce031713d5fad93001, unicodeKeyboard: true}, deviceManufacturer: samsung, deviceModel: SM-G955F, deviceName: ce031713d5fad93001, deviceScreenSize: 1440x2960, deviceUDID: ce031713d5fad93001, javascriptEnabled: true, locationContextEnabled: false, networkConnectionEnabled: true, platform: LINUX, platformName: Android, platformVersion: 8.0.0, resetKeyboard: true, takesScreenshot: true, udid: ce031713d5fad93001, unicodeKeyboard: true, warnings: {}, webStorageEnabled: false}
Session ID: ea830035-b38c-4089-a251-20f4abd1b669
*** Element info: {Using=id, value=sg.com.blu.android:id/sign_up_btn}
at org.openqa.selenium.remote.http.W3CHttpResponseCodec.createException(W3CHttpResponseCodec.java:187)
at org.openqa.selenium.remote.http.W3CHttpResponseCodec.decode(W3CHttpResponseCodec.java:122)
at org.openqa.selenium.remote.http.W3CHttpResponseCodec.decode(W3CHttpResponseCodec.java:49)
at org.openqa.selenium.remote.HttpCommandExecutor.execute(HttpCommandExecutor.java:158)
at io.appium.java_client.remote.AppiumCommandExecutor.execute(AppiumCommandExecutor.java:239)
at org.openqa.selenium.remote.RemoteWebDriver.execute(RemoteWebDriver.java:552)
at io.appium.java_client.DefaultGenericMobileDriver.execute(DefaultGenericMobileDriver.java:41)
at io.appium.java_client.AppiumDriver.execute(AppiumDriver.java:1)
at io.appium.java_client.android.AndroidDriver.execute(AndroidDriver.java:1)
at org.openqa.selenium.remote.RemoteWebDriver.findElement(RemoteWebDriver.java:323)
at io.appium.java_client.DefaultGenericMobileDriver.findElement(DefaultGenericMobileDriver.java:61)
at io.appium.java_client.AppiumDriver.findElement(AppiumDriver.java:1)
at io.appium.java_client.android.AndroidDriver.findElement(AndroidDriver.java:1)
at org.openqa.selenium.remote.RemoteWebDriver.findElementById(RemoteWebDriver.java:372)
at io.appium.java_client.DefaultGenericMobileDriver.findElementById(DefaultGenericMobileDriver.java:69)
at io.appium.java_client.AppiumDriver.findElementById(AppiumDriver.java:1)
at io.appium.java_client.android.AndroidDriver.findElementById(AndroidDriver.java:1)
at org.openqa.selenium.By$ById.findElement(By.java:188)
at org.openqa.selenium.remote.RemoteWebDriver.findElement(RemoteWebDriver.java:315)
at io.appium.java_client.DefaultGenericMobileDriver.findElement(DefaultGenericMobileDriver.java:57)
at io.appium.java_client.AppiumDriver.findElement(AppiumDriver.java:1)
at io.appium.java_client.android.AndroidDriver.findElement(AndroidDriver.java:1)
at bluAndroid.bluAndroid.pageObjects.SignUpScreen.clickSignUpBtn(SignUpScreen.java:33)
at bluAndroid.bluAndroid.TestScripts.BluSignUpTestRunner.tc07_signupInvalidPassword(BluSignUpTestRunner.java:168)
at java.util.ArrayList.forEach(Unknown Source)
... Removed 31 stack frames]]>
    </failure>
  </testcase> <!-- tc07_signupInvalidPassword -->
  <testcase name="tc08_signupNonMatchingPassword" time="100.591" classname="bluAndroid.bluAndroid.TestScripts.BluSignUpTestRunner">
    <failure type="org.openqa.selenium.NoSuchElementException" message="An element could not be located on the page using the given search parameters.
For documentation on this error, please visit: https://www.seleniumhq.org/exceptions/no_such_element.html
Build info: version: &amp;apos;3.141.59&amp;apos;, revision: &amp;apos;e82be7d358&amp;apos;, time: &amp;apos;2018-11-14T08:17:03&amp;apos;
System info: host: &amp;apos;BLU-LP-00004&amp;apos;, ip: &amp;apos;192.168.0.124&amp;apos;, os.name: &amp;apos;Windows 10&amp;apos;, os.arch: &amp;apos;amd64&amp;apos;, os.version: &amp;apos;10.0&amp;apos;, java.version: &amp;apos;1.8.0_221&amp;apos;
Driver info: io.appium.java_client.android.AndroidDriver
Capabilities {appActivity: sg.com.blu.android.features..., appPackage: sg.com.blu.android.uat, databaseEnabled: false, desired: {appActivity: sg.com.blu.android.features..., appPackage: sg.com.blu.android.uat, deviceName: Galaxy S8+, platformName: android, platformVersion: 8.0.0, resetKeyboard: true, udid: ce031713d5fad93001, unicodeKeyboard: true}, deviceManufacturer: samsung, deviceModel: SM-G955F, deviceName: ce031713d5fad93001, deviceScreenSize: 1440x2960, deviceUDID: ce031713d5fad93001, javascriptEnabled: true, locationContextEnabled: false, networkConnectionEnabled: true, platform: LINUX, platformName: Android, platformVersion: 8.0.0, resetKeyboard: true, takesScreenshot: true, udid: ce031713d5fad93001, unicodeKeyboard: true, warnings: {}, webStorageEnabled: false}
Session ID: da03e11c-c821-4c88-858a-858438bcfeba
*** Element info: {Using=id, value=sg.com.blu.android:id/sign_up_btn}">
      <![CDATA[org.openqa.selenium.NoSuchElementException: An element could not be located on the page using the given search parameters.
For documentation on this error, please visit: https://www.seleniumhq.org/exceptions/no_such_element.html
Build info: version: '3.141.59', revision: 'e82be7d358', time: '2018-11-14T08:17:03'
System info: host: 'BLU-LP-00004', ip: '192.168.0.124', os.name: 'Windows 10', os.arch: 'amd64', os.version: '10.0', java.version: '1.8.0_221'
Driver info: io.appium.java_client.android.AndroidDriver
Capabilities {appActivity: sg.com.blu.android.features..., appPackage: sg.com.blu.android.uat, databaseEnabled: false, desired: {appActivity: sg.com.blu.android.features..., appPackage: sg.com.blu.android.uat, deviceName: Galaxy S8+, platformName: android, platformVersion: 8.0.0, resetKeyboard: true, udid: ce031713d5fad93001, unicodeKeyboard: true}, deviceManufacturer: samsung, deviceModel: SM-G955F, deviceName: ce031713d5fad93001, deviceScreenSize: 1440x2960, deviceUDID: ce031713d5fad93001, javascriptEnabled: true, locationContextEnabled: false, networkConnectionEnabled: true, platform: LINUX, platformName: Android, platformVersion: 8.0.0, resetKeyboard: true, takesScreenshot: true, udid: ce031713d5fad93001, unicodeKeyboard: true, warnings: {}, webStorageEnabled: false}
Session ID: da03e11c-c821-4c88-858a-858438bcfeba
*** Element info: {Using=id, value=sg.com.blu.android:id/sign_up_btn}
at org.openqa.selenium.remote.http.W3CHttpResponseCodec.createException(W3CHttpResponseCodec.java:187)
at org.openqa.selenium.remote.http.W3CHttpResponseCodec.decode(W3CHttpResponseCodec.java:122)
at org.openqa.selenium.remote.http.W3CHttpResponseCodec.decode(W3CHttpResponseCodec.java:49)
at org.openqa.selenium.remote.HttpCommandExecutor.execute(HttpCommandExecutor.java:158)
at io.appium.java_client.remote.AppiumCommandExecutor.execute(AppiumCommandExecutor.java:239)
at org.openqa.selenium.remote.RemoteWebDriver.execute(RemoteWebDriver.java:552)
at io.appium.java_client.DefaultGenericMobileDriver.execute(DefaultGenericMobileDriver.java:41)
at io.appium.java_client.AppiumDriver.execute(AppiumDriver.java:1)
at io.appium.java_client.android.AndroidDriver.execute(AndroidDriver.java:1)
at org.openqa.selenium.remote.RemoteWebDriver.findElement(RemoteWebDriver.java:323)
at io.appium.java_client.DefaultGenericMobileDriver.findElement(DefaultGenericMobileDriver.java:61)
at io.appium.java_client.AppiumDriver.findElement(AppiumDriver.java:1)
at io.appium.java_client.android.AndroidDriver.findElement(AndroidDriver.java:1)
at org.openqa.selenium.remote.RemoteWebDriver.findElementById(RemoteWebDriver.java:372)
at io.appium.java_client.DefaultGenericMobileDriver.findElementById(DefaultGenericMobileDriver.java:69)
at io.appium.java_client.AppiumDriver.findElementById(AppiumDriver.java:1)
at io.appium.java_client.android.AndroidDriver.findElementById(AndroidDriver.java:1)
at org.openqa.selenium.By$ById.findElement(By.java:188)
at org.openqa.selenium.remote.RemoteWebDriver.findElement(RemoteWebDriver.java:315)
at io.appium.java_client.DefaultGenericMobileDriver.findElement(DefaultGenericMobileDriver.java:57)
at io.appium.java_client.AppiumDriver.findElement(AppiumDriver.java:1)
at io.appium.java_client.android.AndroidDriver.findElement(AndroidDriver.java:1)
at bluAndroid.bluAndroid.pageObjects.SignUpScreen.clickSignUpBtn(SignUpScreen.java:33)
at bluAndroid.bluAndroid.TestScripts.BluSignUpTestRunner.tc08_signupNonMatchingPassword(BluSignUpTestRunner.java:191)
at java.util.ArrayList.forEach(Unknown Source)
... Removed 31 stack frames]]>
    </failure>
  </testcase> <!-- tc08_signupNonMatchingPassword -->
  <testcase name="tc09_signupInvalidFirstname" time="100.113" classname="bluAndroid.bluAndroid.TestScripts.BluSignUpTestRunner">
    <failure type="org.openqa.selenium.NoSuchElementException" message="An element could not be located on the page using the given search parameters.
For documentation on this error, please visit: https://www.seleniumhq.org/exceptions/no_such_element.html
Build info: version: &amp;apos;3.141.59&amp;apos;, revision: &amp;apos;e82be7d358&amp;apos;, time: &amp;apos;2018-11-14T08:17:03&amp;apos;
System info: host: &amp;apos;BLU-LP-00004&amp;apos;, ip: &amp;apos;192.168.0.124&amp;apos;, os.name: &amp;apos;Windows 10&amp;apos;, os.arch: &amp;apos;amd64&amp;apos;, os.version: &amp;apos;10.0&amp;apos;, java.version: &amp;apos;1.8.0_221&amp;apos;
Driver info: io.appium.java_client.android.AndroidDriver
Capabilities {appActivity: sg.com.blu.android.features..., appPackage: sg.com.blu.android.uat, databaseEnabled: false, desired: {appActivity: sg.com.blu.android.features..., appPackage: sg.com.blu.android.uat, deviceName: Galaxy S8+, platformName: android, platformVersion: 8.0.0, resetKeyboard: true, udid: ce031713d5fad93001, unicodeKeyboard: true}, deviceManufacturer: samsung, deviceModel: SM-G955F, deviceName: ce031713d5fad93001, deviceScreenSize: 1440x2960, deviceUDID: ce031713d5fad93001, javascriptEnabled: true, locationContextEnabled: false, networkConnectionEnabled: true, platform: LINUX, platformName: Android, platformVersion: 8.0.0, resetKeyboard: true, takesScreenshot: true, udid: ce031713d5fad93001, unicodeKeyboard: true, warnings: {}, webStorageEnabled: false}
Session ID: 4ab02899-60ad-4b5c-9bfc-90ff7022ad66
*** Element info: {Using=id, value=sg.com.blu.android:id/sign_up_btn}">
      <![CDATA[org.openqa.selenium.NoSuchElementException: An element could not be located on the page using the given search parameters.
For documentation on this error, please visit: https://www.seleniumhq.org/exceptions/no_such_element.html
Build info: version: '3.141.59', revision: 'e82be7d358', time: '2018-11-14T08:17:03'
System info: host: 'BLU-LP-00004', ip: '192.168.0.124', os.name: 'Windows 10', os.arch: 'amd64', os.version: '10.0', java.version: '1.8.0_221'
Driver info: io.appium.java_client.android.AndroidDriver
Capabilities {appActivity: sg.com.blu.android.features..., appPackage: sg.com.blu.android.uat, databaseEnabled: false, desired: {appActivity: sg.com.blu.android.features..., appPackage: sg.com.blu.android.uat, deviceName: Galaxy S8+, platformName: android, platformVersion: 8.0.0, resetKeyboard: true, udid: ce031713d5fad93001, unicodeKeyboard: true}, deviceManufacturer: samsung, deviceModel: SM-G955F, deviceName: ce031713d5fad93001, deviceScreenSize: 1440x2960, deviceUDID: ce031713d5fad93001, javascriptEnabled: true, locationContextEnabled: false, networkConnectionEnabled: true, platform: LINUX, platformName: Android, platformVersion: 8.0.0, resetKeyboard: true, takesScreenshot: true, udid: ce031713d5fad93001, unicodeKeyboard: true, warnings: {}, webStorageEnabled: false}
Session ID: 4ab02899-60ad-4b5c-9bfc-90ff7022ad66
*** Element info: {Using=id, value=sg.com.blu.android:id/sign_up_btn}
at org.openqa.selenium.remote.http.W3CHttpResponseCodec.createException(W3CHttpResponseCodec.java:187)
at org.openqa.selenium.remote.http.W3CHttpResponseCodec.decode(W3CHttpResponseCodec.java:122)
at org.openqa.selenium.remote.http.W3CHttpResponseCodec.decode(W3CHttpResponseCodec.java:49)
at org.openqa.selenium.remote.HttpCommandExecutor.execute(HttpCommandExecutor.java:158)
at io.appium.java_client.remote.AppiumCommandExecutor.execute(AppiumCommandExecutor.java:239)
at org.openqa.selenium.remote.RemoteWebDriver.execute(RemoteWebDriver.java:552)
at io.appium.java_client.DefaultGenericMobileDriver.execute(DefaultGenericMobileDriver.java:41)
at io.appium.java_client.AppiumDriver.execute(AppiumDriver.java:1)
at io.appium.java_client.android.AndroidDriver.execute(AndroidDriver.java:1)
at org.openqa.selenium.remote.RemoteWebDriver.findElement(RemoteWebDriver.java:323)
at io.appium.java_client.DefaultGenericMobileDriver.findElement(DefaultGenericMobileDriver.java:61)
at io.appium.java_client.AppiumDriver.findElement(AppiumDriver.java:1)
at io.appium.java_client.android.AndroidDriver.findElement(AndroidDriver.java:1)
at org.openqa.selenium.remote.RemoteWebDriver.findElementById(RemoteWebDriver.java:372)
at io.appium.java_client.DefaultGenericMobileDriver.findElementById(DefaultGenericMobileDriver.java:69)
at io.appium.java_client.AppiumDriver.findElementById(AppiumDriver.java:1)
at io.appium.java_client.android.AndroidDriver.findElementById(AndroidDriver.java:1)
at org.openqa.selenium.By$ById.findElement(By.java:188)
at org.openqa.selenium.remote.RemoteWebDriver.findElement(RemoteWebDriver.java:315)
at io.appium.java_client.DefaultGenericMobileDriver.findElement(DefaultGenericMobileDriver.java:57)
at io.appium.java_client.AppiumDriver.findElement(AppiumDriver.java:1)
at io.appium.java_client.android.AndroidDriver.findElement(AndroidDriver.java:1)
at bluAndroid.bluAndroid.pageObjects.SignUpScreen.clickSignUpBtn(SignUpScreen.java:33)
at bluAndroid.bluAndroid.TestScripts.BluSignUpTestRunner.tc09_signupInvalidFirstname(BluSignUpTestRunner.java:215)
at java.util.ArrayList.forEach(Unknown Source)
... Removed 31 stack frames]]>
    </failure>
  </testcase> <!-- tc09_signupInvalidFirstname -->
  <testcase name="tc10_signupInvalidMobile" time="100.09" classname="bluAndroid.bluAndroid.TestScripts.BluSignUpTestRunner">
    <failure type="org.openqa.selenium.NoSuchElementException" message="An element could not be located on the page using the given search parameters.
For documentation on this error, please visit: https://www.seleniumhq.org/exceptions/no_such_element.html
Build info: version: &amp;apos;3.141.59&amp;apos;, revision: &amp;apos;e82be7d358&amp;apos;, time: &amp;apos;2018-11-14T08:17:03&amp;apos;
System info: host: &amp;apos;BLU-LP-00004&amp;apos;, ip: &amp;apos;192.168.0.124&amp;apos;, os.name: &amp;apos;Windows 10&amp;apos;, os.arch: &amp;apos;amd64&amp;apos;, os.version: &amp;apos;10.0&amp;apos;, java.version: &amp;apos;1.8.0_221&amp;apos;
Driver info: io.appium.java_client.android.AndroidDriver
Capabilities {appActivity: sg.com.blu.android.features..., appPackage: sg.com.blu.android.uat, databaseEnabled: false, desired: {appActivity: sg.com.blu.android.features..., appPackage: sg.com.blu.android.uat, deviceName: Galaxy S8+, platformName: android, platformVersion: 8.0.0, resetKeyboard: true, udid: ce031713d5fad93001, unicodeKeyboard: true}, deviceManufacturer: samsung, deviceModel: SM-G955F, deviceName: ce031713d5fad93001, deviceScreenSize: 1440x2960, deviceUDID: ce031713d5fad93001, javascriptEnabled: true, locationContextEnabled: false, networkConnectionEnabled: true, platform: LINUX, platformName: Android, platformVersion: 8.0.0, resetKeyboard: true, takesScreenshot: true, udid: ce031713d5fad93001, unicodeKeyboard: true, warnings: {}, webStorageEnabled: false}
Session ID: eea94957-49c4-4eda-821f-d71f26593fbb
*** Element info: {Using=id, value=sg.com.blu.android:id/sign_up_btn}">
      <![CDATA[org.openqa.selenium.NoSuchElementException: An element could not be located on the page using the given search parameters.
For documentation on this error, please visit: https://www.seleniumhq.org/exceptions/no_such_element.html
Build info: version: '3.141.59', revision: 'e82be7d358', time: '2018-11-14T08:17:03'
System info: host: 'BLU-LP-00004', ip: '192.168.0.124', os.name: 'Windows 10', os.arch: 'amd64', os.version: '10.0', java.version: '1.8.0_221'
Driver info: io.appium.java_client.android.AndroidDriver
Capabilities {appActivity: sg.com.blu.android.features..., appPackage: sg.com.blu.android.uat, databaseEnabled: false, desired: {appActivity: sg.com.blu.android.features..., appPackage: sg.com.blu.android.uat, deviceName: Galaxy S8+, platformName: android, platformVersion: 8.0.0, resetKeyboard: true, udid: ce031713d5fad93001, unicodeKeyboard: true}, deviceManufacturer: samsung, deviceModel: SM-G955F, deviceName: ce031713d5fad93001, deviceScreenSize: 1440x2960, deviceUDID: ce031713d5fad93001, javascriptEnabled: true, locationContextEnabled: false, networkConnectionEnabled: true, platform: LINUX, platformName: Android, platformVersion: 8.0.0, resetKeyboard: true, takesScreenshot: true, udid: ce031713d5fad93001, unicodeKeyboard: true, warnings: {}, webStorageEnabled: false}
Session ID: eea94957-49c4-4eda-821f-d71f26593fbb
*** Element info: {Using=id, value=sg.com.blu.android:id/sign_up_btn}
at org.openqa.selenium.remote.http.W3CHttpResponseCodec.createException(W3CHttpResponseCodec.java:187)
at org.openqa.selenium.remote.http.W3CHttpResponseCodec.decode(W3CHttpResponseCodec.java:122)
at org.openqa.selenium.remote.http.W3CHttpResponseCodec.decode(W3CHttpResponseCodec.java:49)
at org.openqa.selenium.remote.HttpCommandExecutor.execute(HttpCommandExecutor.java:158)
at io.appium.java_client.remote.AppiumCommandExecutor.execute(AppiumCommandExecutor.java:239)
at org.openqa.selenium.remote.RemoteWebDriver.execute(RemoteWebDriver.java:552)
at io.appium.java_client.DefaultGenericMobileDriver.execute(DefaultGenericMobileDriver.java:41)
at io.appium.java_client.AppiumDriver.execute(AppiumDriver.java:1)
at io.appium.java_client.android.AndroidDriver.execute(AndroidDriver.java:1)
at org.openqa.selenium.remote.RemoteWebDriver.findElement(RemoteWebDriver.java:323)
at io.appium.java_client.DefaultGenericMobileDriver.findElement(DefaultGenericMobileDriver.java:61)
at io.appium.java_client.AppiumDriver.findElement(AppiumDriver.java:1)
at io.appium.java_client.android.AndroidDriver.findElement(AndroidDriver.java:1)
at org.openqa.selenium.remote.RemoteWebDriver.findElementById(RemoteWebDriver.java:372)
at io.appium.java_client.DefaultGenericMobileDriver.findElementById(DefaultGenericMobileDriver.java:69)
at io.appium.java_client.AppiumDriver.findElementById(AppiumDriver.java:1)
at io.appium.java_client.android.AndroidDriver.findElementById(AndroidDriver.java:1)
at org.openqa.selenium.By$ById.findElement(By.java:188)
at org.openqa.selenium.remote.RemoteWebDriver.findElement(RemoteWebDriver.java:315)
at io.appium.java_client.DefaultGenericMobileDriver.findElement(DefaultGenericMobileDriver.java:57)
at io.appium.java_client.AppiumDriver.findElement(AppiumDriver.java:1)
at io.appium.java_client.android.AndroidDriver.findElement(AndroidDriver.java:1)
at bluAndroid.bluAndroid.pageObjects.SignUpScreen.clickSignUpBtn(SignUpScreen.java:33)
at bluAndroid.bluAndroid.TestScripts.BluSignUpTestRunner.tc10_signupInvalidMobile(BluSignUpTestRunner.java:239)
at java.util.ArrayList.forEach(Unknown Source)
... Removed 31 stack frames]]>
    </failure>
  </testcase> <!-- tc10_signupInvalidMobile -->
  <testcase name="tc11_signupInvalidRefferalCode" time="100.579" classname="bluAndroid.bluAndroid.TestScripts.BluSignUpTestRunner">
    <failure type="org.openqa.selenium.NoSuchElementException" message="An element could not be located on the page using the given search parameters.
For documentation on this error, please visit: https://www.seleniumhq.org/exceptions/no_such_element.html
Build info: version: &amp;apos;3.141.59&amp;apos;, revision: &amp;apos;e82be7d358&amp;apos;, time: &amp;apos;2018-11-14T08:17:03&amp;apos;
System info: host: &amp;apos;BLU-LP-00004&amp;apos;, ip: &amp;apos;192.168.0.124&amp;apos;, os.name: &amp;apos;Windows 10&amp;apos;, os.arch: &amp;apos;amd64&amp;apos;, os.version: &amp;apos;10.0&amp;apos;, java.version: &amp;apos;1.8.0_221&amp;apos;
Driver info: io.appium.java_client.android.AndroidDriver
Capabilities {appActivity: sg.com.blu.android.features..., appPackage: sg.com.blu.android.uat, databaseEnabled: false, desired: {appActivity: sg.com.blu.android.features..., appPackage: sg.com.blu.android.uat, deviceName: Galaxy S8+, platformName: android, platformVersion: 8.0.0, resetKeyboard: true, udid: ce031713d5fad93001, unicodeKeyboard: true}, deviceManufacturer: samsung, deviceModel: SM-G955F, deviceName: ce031713d5fad93001, deviceScreenSize: 1440x2960, deviceUDID: ce031713d5fad93001, javascriptEnabled: true, locationContextEnabled: false, networkConnectionEnabled: true, platform: LINUX, platformName: Android, platformVersion: 8.0.0, resetKeyboard: true, takesScreenshot: true, udid: ce031713d5fad93001, unicodeKeyboard: true, warnings: {}, webStorageEnabled: false}
Session ID: f28b7774-2cb6-4e90-91b1-148f5966d374
*** Element info: {Using=id, value=sg.com.blu.android:id/sign_up_btn}">
      <![CDATA[org.openqa.selenium.NoSuchElementException: An element could not be located on the page using the given search parameters.
For documentation on this error, please visit: https://www.seleniumhq.org/exceptions/no_such_element.html
Build info: version: '3.141.59', revision: 'e82be7d358', time: '2018-11-14T08:17:03'
System info: host: 'BLU-LP-00004', ip: '192.168.0.124', os.name: 'Windows 10', os.arch: 'amd64', os.version: '10.0', java.version: '1.8.0_221'
Driver info: io.appium.java_client.android.AndroidDriver
Capabilities {appActivity: sg.com.blu.android.features..., appPackage: sg.com.blu.android.uat, databaseEnabled: false, desired: {appActivity: sg.com.blu.android.features..., appPackage: sg.com.blu.android.uat, deviceName: Galaxy S8+, platformName: android, platformVersion: 8.0.0, resetKeyboard: true, udid: ce031713d5fad93001, unicodeKeyboard: true}, deviceManufacturer: samsung, deviceModel: SM-G955F, deviceName: ce031713d5fad93001, deviceScreenSize: 1440x2960, deviceUDID: ce031713d5fad93001, javascriptEnabled: true, locationContextEnabled: false, networkConnectionEnabled: true, platform: LINUX, platformName: Android, platformVersion: 8.0.0, resetKeyboard: true, takesScreenshot: true, udid: ce031713d5fad93001, unicodeKeyboard: true, warnings: {}, webStorageEnabled: false}
Session ID: f28b7774-2cb6-4e90-91b1-148f5966d374
[...]
Driver info: io.appium.java_client.android.AndroidDriver
Capabilities {appActivity: sg.com.blu.android.features..., appPackage: sg.com.blu.android.uat, databaseEnabled: false, desired: {appActivity: sg.com.blu.android.features..., appPackage: sg.com.blu.android.uat, deviceName: Galaxy S8+, platformName: android, platformVersion: 8.0.0, resetKeyboard: true, udid: ce031713d5fad93001, unicodeKeyboard: true}, deviceManufacturer: samsung, deviceModel: SM-G955F, deviceName: ce031713d5fad93001, deviceScreenSize: 1440x2960, deviceUDID: ce031713d5fad93001, javascriptEnabled: true, locationContextEnabled: false, networkConnectionEnabled: true, platform: LINUX, platformName: Android, platformVersion: 8.0.0, resetKeyboard: true, takesScreenshot: true, udid: ce031713d5fad93001, unicodeKeyboard: true, warnings: {}, webStorageEnabled: false}
Session ID: 1690f987-ff14-4df8-8a8e-06f96e5b5867
*** Element info: {Using=id, value=sg.com.blu.android:id/sign_up_btn}
at org.openqa.selenium.remote.http.W3CHttpResponseCodec.createException(W3CHttpResponseCodec.java:187)
at org.openqa.selenium.remote.http.W3CHttpResponseCodec.decode(W3CHttpResponseCodec.java:122)
at org.openqa.selenium.remote.http.W3CHttpResponseCodec.decode(W3CHttpResponseCodec.java:49)
at org.openqa.selenium.remote.HttpCommandExecutor.execute(HttpCommandExecutor.java:158)
at io.appium.java_client.remote.AppiumCommandExecutor.execute(AppiumCommandExecutor.java:239)
at org.openqa.selenium.remote.RemoteWebDriver.execute(RemoteWebDriver.java:552)
at io.appium.java_client.DefaultGenericMobileDriver.execute(DefaultGenericMobileDriver.java:41)
at io.appium.java_client.AppiumDriver.execute(AppiumDriver.java:1)
at io.appium.java_client.android.AndroidDriver.execute(AndroidDriver.java:1)
at org.openqa.selenium.remote.RemoteWebDriver.findElement(RemoteWebDriver.java:323)
at io.appium.java_client.DefaultGenericMobileDriver.findElement(DefaultGenericMobileDriver.java:61)
at io.appium.java_client.AppiumDriver.findElement(AppiumDriver.java:1)
at io.appium.java_client.android.AndroidDriver.findElement(AndroidDriver.java:1)
at org.openqa.selenium.remote.RemoteWebDriver.findElementById(RemoteWebDriver.java:372)
at io.appium.java_client.DefaultGenericMobileDriver.findElementById(DefaultGenericMobileDriver.java:69)
at io.appium.java_client.AppiumDriver.findElementById(AppiumDriver.java:1)
at io.appium.java_client.android.AndroidDriver.findElementById(AndroidDriver.java:1)
at org.openqa.selenium.By$ById.findElement(By.java:188)
at org.openqa.selenium.remote.RemoteWebDriver.findElement(RemoteWebDriver.java:315)
at io.appium.java_client.DefaultGenericMobileDriver.findElement(DefaultGenericMobileDriver.java:57)
at io.appium.java_client.AppiumDriver.findElement(AppiumDriver.java:1)
at io.appium.java_client.android.AndroidDriver.findElement(AndroidDriver.java:1)
at bluAndroid.bluAndroid.pageObjects.SignUpScreen.clickSignUpBtn(SignUpScreen.java:33)
at bluAndroid.bluAndroid.TestScripts.BluSignUpTestRunner.tc17_signupRegisteredEmail(BluSignUpTestRunner.java:147)
at java.util.ArrayList.forEach(Unknown Source)
... Removed 30 stack frames]]>
    </failure>
  </testcase> <!-- tc17_signupRegisteredEmail -->
  <testcase name="tc18_signupRegisteredMobile" time="100.408" classname="bluAndroid.bluAndroid.TestScripts.BluSignUpTestRunner">
    <failure type="org.openqa.selenium.NoSuchElementException" message="An element could not be located on the page using the given search parameters.
For documentation on this error, please visit: https://www.seleniumhq.org/exceptions/no_such_element.html
Build info: version: &amp;apos;3.141.59&amp;apos;, revision: &amp;apos;e82be7d358&amp;apos;, time: &amp;apos;2018-11-14T08:17:03&amp;apos;
System info: host: &amp;apos;BLU-LP-00004&amp;apos;, ip: &amp;apos;192.168.0.124&amp;apos;, os.name: &amp;apos;Windows 10&amp;apos;, os.arch: &amp;apos;amd64&amp;apos;, os.version: &amp;apos;10.0&amp;apos;, java.version: &amp;apos;1.8.0_221&amp;apos;
Driver info: io.appium.java_client.android.AndroidDriver
Capabilities {appActivity: sg.com.blu.android.features..., appPackage: sg.com.blu.android.uat, databaseEnabled: false, desired: {appActivity: sg.com.blu.android.features..., appPackage: sg.com.blu.android.uat, deviceName: Galaxy S8+, platformName: android, platformVersion: 8.0.0, resetKeyboard: true, udid: ce031713d5fad93001, unicodeKeyboard: true}, deviceManufacturer: samsung, deviceModel: SM-G955F, deviceName: ce031713d5fad93001, deviceScreenSize: 1440x2960, deviceUDID: ce031713d5fad93001, javascriptEnabled: true, locationContextEnabled: false, networkConnectionEnabled: true, platform: LINUX, platformName: Android, platformVersion: 8.0.0, resetKeyboard: true, takesScreenshot: true, udid: ce031713d5fad93001, unicodeKeyboard: true, warnings: {}, webStorageEnabled: false}
Session ID: b7270551-5d46-4408-82e8-d2c31ff717c3
*** Element info: {Using=id, value=sg.com.blu.android:id/sign_up_btn}">
      <![CDATA[org.openqa.selenium.NoSuchElementException: An element could not be located on the page using the given search parameters.
For documentation on this error, please visit: https://www.seleniumhq.org/exceptions/no_such_element.html
Build info: version: '3.141.59', revision: 'e82be7d358', time: '2018-11-14T08:17:03'
System info: host: 'BLU-LP-00004', ip: '192.168.0.124', os.name: 'Windows 10', os.arch: 'amd64', os.version: '10.0', java.version: '1.8.0_221'
Driver info: io.appium.java_client.android.AndroidDriver
Capabilities {appActivity: sg.com.blu.android.features..., appPackage: sg.com.blu.android.uat, databaseEnabled: false, desired: {appActivity: sg.com.blu.android.features..., appPackage: sg.com.blu.android.uat, deviceName: Galaxy S8+, platformName: android, platformVersion: 8.0.0, resetKeyboard: true, udid: ce031713d5fad93001, unicodeKeyboard: true}, deviceManufacturer: samsung, deviceModel: SM-G955F, deviceName: ce031713d5fad93001, deviceScreenSize: 1440x2960, deviceUDID: ce031713d5fad93001, javascriptEnabled: true, locationContextEnabled: false, networkConnectionEnabled: true, platform: LINUX, platformName: Android, platformVersion: 8.0.0, resetKeyboard: true, takesScreenshot: true, udid: ce031713d5fad93001, unicodeKeyboard: true, warnings: {}, webStorageEnabled: false}
Session ID: b7270551-5d46-4408-82e8-d2c31ff717c3
*** Element info: {Using=id, value=sg.com.blu.android:id/sign_up_btn}
at org.openqa.selenium.remote.http.W3CHttpResponseCodec.createException(W3CHttpResponseCodec.java:187)
at org.openqa.selenium.remote.http.W3CHttpResponseCodec.decode(W3CHttpResponseCodec.java:122)
at org.openqa.selenium.remote.http.W3CHttpResponseCodec.decode(W3CHttpResponseCodec.java:49)
at org.openqa.selenium.remote.HttpCommandExecutor.execute(HttpCommandExecutor.java:158)
at io.appium.java_client.remote.AppiumCommandExecutor.execute(AppiumCommandExecutor.java:239)
at org.openqa.selenium.remote.RemoteWebDriver.execute(RemoteWebDriver.java:552)
at io.appium.java_client.DefaultGenericMobileDriver.execute(DefaultGenericMobileDriver.java:41)
at io.appium.java_client.AppiumDriver.execute(AppiumDriver.java:1)
at io.appium.java_client.android.AndroidDriver.execute(AndroidDriver.java:1)
at org.openqa.selenium.remote.RemoteWebDriver.findElement(RemoteWebDriver.java:323)
at io.appium.java_client.DefaultGenericMobileDriver.findElement(DefaultGenericMobileDriver.java:61)
at io.appium.java_client.AppiumDriver.findElement(AppiumDriver.java:1)
at io.appium.java_client.android.AndroidDriver.findElement(AndroidDriver.java:1)
at org.openqa.selenium.remote.RemoteWebDriver.findElementById(RemoteWebDriver.java:372)
at io.appium.java_client.DefaultGenericMobileDriver.findElementById(DefaultGenericMobileDriver.java:69)
at io.appium.java_client.AppiumDriver.findElementById(AppiumDriver.java:1)
at io.appium.java_client.android.AndroidDriver.findElementById(AndroidDriver.java:1)
at org.openqa.selenium.By$ById.findElement(By.java:188)
at org.openqa.selenium.remote.RemoteWebDriver.findElement(RemoteWebDriver.java:315)
at io.appium.java_client.DefaultGenericMobileDriver.findElement(DefaultGenericMobileDriver.java:57)
at io.appium.java_client.AppiumDriver.findElement(AppiumDriver.java:1)
at io.appium.java_client.android.AndroidDriver.findElement(AndroidDriver.java:1)
at bluAndroid.bluAndroid.pageObjects.SignUpScreen.clickSignUpBtn(SignUpScreen.java:33)
at bluAndroid.bluAndroid.TestScripts.BluSignUpTestRunner.tc18_signupRegisteredMobile(BluSignUpTestRunner.java:265)
at java.util.ArrayList.forEach(Unknown Source)
... Removed 30 stack frames]]>
    </failure>
  </testcase> <!-- tc18_signupRegisteredMobile -->
  <testcase name="tc01_editFirstName" time="25.033" classname="bluAndroid.bluAndroid.TestScripts.BluMyDetailsTestRunner"/>
  <testcase name="tc02_UnableToEditFirstName" time="28.106" classname="bluAndroid.bluAndroid.TestScripts.BluMyDetailsTestRunner"/>
  <testcase name="tc03_editLastName" time="23.014" classname="bluAndroid.bluAndroid.TestScripts.BluMyDetailsTestRunner"/>
  <testcase name="tc04_unableToEditLastName" time="33.839" classname="bluAndroid.bluAndroid.TestScripts.BluMyDetailsTestRunner"/>
  <testcase name="tc05_editEmail" time="25.801" classname="bluAndroid.bluAndroid.TestScripts.BluMyDetailsTestRunner"/>
  <testcase name="tc06_editEmailAlreadyExists" time="18.497" classname="bluAndroid.bluAndroid.TestScripts.BluMyDetailsTestRunner"/>
  <testcase name="tc07_editGender" time="9.87" classname="bluAndroid.bluAndroid.TestScripts.BluMyDetailsTestRunner"/>
  <testcase name="tc07_editMobileAlreadyExists" time="13.676" classname="bluAndroid.bluAndroid.TestScripts.BluMyDetailsTestRunner">
    <failure type="java.lang.AssertionError" message="expected [Mobile number already used.] but found [Mobile Number already used.]">
      <![CDATA[java.lang.AssertionError: expected [Mobile number already used.] but found [Mobile Number already used.]
at bluAndroid.bluAndroid.TestScripts.BluMyDetailsTestRunner.tc07_editMobileAlreadyExists(BluMyDetailsTestRunner.java:187)
at java.util.ArrayList.forEach(Unknown Source)
... Removed 32 stack frames]]>
    </failure>
  </testcase> <!-- tc07_editMobileAlreadyExists -->
  <testcase name="tc08_referAFriend" time="5.023" classname="bluAndroid.bluAndroid.TestScripts.BluMyDetailsTestRunner">
    <failure type="java.lang.AssertionError" message="expected [BLU452385] but found [BLU147735]">
      <![CDATA[java.lang.AssertionError: expected [BLU452385] but found [BLU147735]
at bluAndroid.bluAndroid.TestScripts.BluMyDetailsTestRunner.tc08_referAFriend(BluMyDetailsTestRunner.java:237)
at java.util.ArrayList.forEach(Unknown Source)
... Removed 32 stack frames]]>
    </failure>
  </testcase> <!-- tc08_referAFriend -->
  <testcase name="tc04_InvaldBluId" time="10.069" classname="bluAndroid.bluAndroid.TestScripts.PublicProfileTestRunner"/>
  <testcase name="tc06_blockMember" time="14.317" classname="bluAndroid.bluAndroid.TestScripts.PublicProfileTestRunner"/>
  <testcase name="tc01_ViewPublicProfile" time="4.331" classname="bluAndroid.bluAndroid.TestScripts.PublicProfileTestRunner">
    <failure type="java.lang.AssertionError" message="bluId displayed expected [BLU452385] but found [BLU147735]">
      <![CDATA[java.lang.AssertionError: bluId displayed expected [BLU452385] but found [BLU147735]
at bluAndroid.bluAndroid.TestScripts.PublicProfileTestRunner.tc01_ViewPublicProfile(PublicProfileTestRunner.java:63)
at java.util.ArrayList.forEach(Unknown Source)
... Removed 31 stack frames]]>
    </failure>
  </testcase> <!-- tc01_ViewPublicProfile -->
  <testcase name="tc02_viewFriendProfileByBluID" time="11.333" classname="bluAndroid.bluAndroid.TestScripts.PublicProfileTestRunner">
    <failure type="java.lang.AssertionError" message="bluId displayed expected [BLU864092] but found [BLU136621]">
      <![CDATA[java.lang.AssertionError: bluId displayed expected [BLU864092] but found [BLU136621]
at bluAndroid.bluAndroid.TestScripts.PublicProfileTestRunner.tc02_viewFriendProfileByBluID(PublicProfileTestRunner.java:100)
at java.util.ArrayList.forEach(Unknown Source)
... Removed 31 stack frames]]>
    </failure>
  </testcase> <!-- tc02_viewFriendProfileByBluID -->
  <testcase name="tc03_viewFriendProfileByMobile" time="14.453" classname="bluAndroid.bluAndroid.TestScripts.PublicProfileTestRunner">
    <failure type="java.lang.AssertionError" message="bluId displayed expected [BLU864092] but found [BLU136621]">
      <![CDATA[java.lang.AssertionError: bluId displayed expected [BLU864092] but found [BLU136621]
at bluAndroid.bluAndroid.TestScripts.PublicProfileTestRunner.tc03_viewFriendProfileByMobile(PublicProfileTestRunner.java:145)
at java.util.ArrayList.forEach(Unknown Source)
... Removed 31 stack frames]]>
    </failure>
  </testcase> <!-- tc03_viewFriendProfileByMobile -->
  <testcase name="tc05_InvaldMobile" time="13.635" classname="bluAndroid.bluAndroid.TestScripts.PublicProfileTestRunner"/>
  <testcase name="tc07_unblockMember" time="15.455" classname="bluAndroid.bluAndroid.TestScripts.PublicProfileTestRunner"/>
  <testcase name="tc01_topUpWallet" time="15.371" classname="bluAndroid.bluAndroid.TestScripts.WalletTestRunner"/>
  <testcase name="tc02_paymentMethods" time="51.146" classname="bluAndroid.bluAndroid.TestScripts.WalletTestRunner">
    <failure type="org.openqa.selenium.NoSuchElementException" message="UiSelector[INSTANCE=0, RESOURCE_ID=sg.com.blu.android.uat:id/et_cvc_number]
For documentation on this error, please visit: https://www.seleniumhq.org/exceptions/no_such_element.html
Build info: version: &amp;apos;3.141.59&amp;apos;, revision: &amp;apos;e82be7d358&amp;apos;, time: &amp;apos;2018-11-14T08:17:03&amp;apos;
System info: host: &amp;apos;BLU-LP-00004&amp;apos;, ip: &amp;apos;192.168.0.124&amp;apos;, os.name: &amp;apos;Windows 10&amp;apos;, os.arch: &amp;apos;amd64&amp;apos;, os.version: &amp;apos;10.0&amp;apos;, java.version: &amp;apos;1.8.0_221&amp;apos;
Driver info: io.appium.java_client.android.AndroidDriver
Capabilities {appActivity: sg.com.blu.android.features..., appPackage: sg.com.blu.android.uat, databaseEnabled: false, desired: {appActivity: sg.com.blu.android.features..., appPackage: sg.com.blu.android.uat, deviceName: Galaxy S8+, platformName: android, platformVersion: 8.0.0, resetKeyboard: true, udid: ce031713d5fad93001, unicodeKeyboard: true}, deviceManufacturer: samsung, deviceModel: SM-G955F, deviceName: ce031713d5fad93001, deviceScreenSize: 1440x2960, deviceUDID: ce031713d5fad93001, javascriptEnabled: true, locationContextEnabled: false, networkConnectionEnabled: true, platform: LINUX, platformName: Android, platformVersion: 8.0.0, resetKeyboard: true, takesScreenshot: true, udid: ce031713d5fad93001, unicodeKeyboard: true, warnings: {}, webStorageEnabled: false}
Session ID: 1cc9ca74-4c65-4ae0-9aac-c925e309fd23">
      <![CDATA[org.openqa.selenium.NoSuchElementException: UiSelector[INSTANCE=0, RESOURCE_ID=sg.com.blu.android.uat:id/et_cvc_number]
For documentation on this error, please visit: https://www.seleniumhq.org/exceptions/no_such_element.html
Build info: version: '3.141.59', revision: 'e82be7d358', time: '2018-11-14T08:17:03'
System info: host: 'BLU-LP-00004', ip: '192.168.0.124', os.name: 'Windows 10', os.arch: 'amd64', os.version: '10.0', java.version: '1.8.0_221'
Driver info: io.appium.java_client.android.AndroidDriver
Capabilities {appActivity: sg.com.blu.android.features..., appPackage: sg.com.blu.android.uat, databaseEnabled: false, desired: {appActivity: sg.com.blu.android.features..., appPackage: sg.com.blu.android.uat, deviceName: Galaxy S8+, platformName: android, platformVersion: 8.0.0, resetKeyboard: true, udid: ce031713d5fad93001, unicodeKeyboard: true}, deviceManufacturer: samsung, deviceModel: SM-G955F, deviceName: ce031713d5fad93001, deviceScreenSize: 1440x2960, deviceUDID: ce031713d5fad93001, javascriptEnabled: true, locationContextEnabled: false, networkConnectionEnabled: true, platform: LINUX, platformName: Android, platformVersion: 8.0.0, resetKeyboard: true, takesScreenshot: true, udid: ce031713d5fad93001, unicodeKeyboard: true, warnings: {}, webStorageEnabled: false}
Session ID: 1cc9ca74-4c65-4ae0-9aac-c925e309fd23
at org.openqa.selenium.remote.http.W3CHttpResponseCodec.createException(W3CHttpResponseCodec.java:187)
at org.openqa.selenium.remote.http.W3CHttpResponseCodec.decode(W3CHttpResponseCodec.java:122)
at org.openqa.selenium.remote.http.W3CHttpResponseCodec.decode(W3CHttpResponseCodec.java:49)
at org.openqa.selenium.remote.HttpCommandExecutor.execute(HttpCommandExecutor.java:158)
at io.appium.java_client.remote.AppiumCommandExecutor.execute(AppiumCommandExecutor.java:239)
at org.openqa.selenium.remote.RemoteWebDriver.execute(RemoteWebDriver.java:552)
at io.appium.java_client.DefaultGenericMobileDriver.execute(DefaultGenericMobileDriver.java:41)
at io.appium.java_client.AppiumDriver.execute(AppiumDriver.java:1)
at io.appium.java_client.android.AndroidDriver.execute(AndroidDriver.java:1)
at org.openqa.selenium.remote.RemoteWebElement.execute(RemoteWebElement.java:285)
at io.appium.java_client.DefaultGenericMobileElement.execute(DefaultGenericMobileElement.java:45)
at io.appium.java_client.MobileElement.execute(MobileElement.java:1)
at io.appium.java_client.android.AndroidElement.execute(AndroidElement.java:1)
at org.openqa.selenium.remote.RemoteWebElement.sendKeys(RemoteWebElement.java:106)
at bluAndroid.bluAndroid.TestScripts.WalletTestRunner.tc02_paymentMethods(WalletTestRunner.java:86)
at java.util.ArrayList.forEach(Unknown Source)
... Removed 30 stack frames]]>
    </failure>
  </testcase> <!-- tc02_paymentMethods -->
  <testcase name="tc02_removePaymentMethods" time="7.014" classname="bluAndroid.bluAndroid.TestScripts.WalletTestRunner"/>
  <testcase name="tc03_transactionDetails" time="15.621" classname="bluAndroid.bluAndroid.TestScripts.WalletTestRunner"/>
  <testcase name="tc04_sendReceipt" time="23.48" classname="bluAndroid.bluAndroid.TestScripts.WalletTestRunner"/>
  <testcase name="tc_checkOutWithBlu" time="20.367" classname="bluAndroid.bluAndroid.TestScripts.CheckOutWithBluTestRunner"/>
  <testcase name="@BeforeSuite SetUp" time="0.0" classname="bluAndroid.bluAndroid.util.BaseClass">
    <ignored/>
  </testcase> <!-- @BeforeSuite SetUp -->
  <testcase name="@BeforeSuite SetUp" time="0.0" classname="bluAndroid.bluAndroid.util.BaseClass">
    <ignored/>
  </testcase> <!-- @BeforeSuite SetUp -->
  <testcase name="@BeforeSuite SetUp" time="0.0" classname="bluAndroid.bluAndroid.util.BaseClass">
    <ignored/>
  </testcase> <!-- @BeforeSuite SetUp -->
  <testcase name="@BeforeSuite SetUp" time="0.0" classname="bluAndroid.bluAndroid.util.BaseClass">
    <ignored/>
  </testcase> <!-- @BeforeSuite SetUp -->
  <testcase name="@BeforeSuite SetUp" time="0.0" classname="bluAndroid.bluAndroid.util.BaseClass">
    <ignored/>
  </testcase> <!-- @BeforeSuite SetUp -->
  <testcase name="splashScreen" time="0.0" classname="bluAndroid.bluAndroid.TestScripts.BluLoginTestRunner">
    <ignored/>
  </testcase> <!-- splashScreen -->
  <testcase name="@AfterSuite tearDown" time="0.0" classname="bluAndroid.bluAndroid.util.BaseClass">
    <ignored/>
  </testcase> <!-- @AfterSuite tearDown -->
  <testcase name="@AfterSuite tearDown" time="0.0" classname="bluAndroid.bluAndroid.util.BaseClass">
    <ignored/>
  </testcase> <!-- @AfterSuite tearDown -->
  <testcase name="@AfterSuite tearDown" time="0.0" classname="bluAndroid.bluAndroid.util.BaseClass">
    <ignored/>
  </testcase> <!-- @AfterSuite tearDown -->
  <testcase name="@AfterSuite tearDown" time="0.0" classname="bluAndroid.bluAndroid.util.BaseClass">
    <ignored/>
  </testcase> <!-- @AfterSuite tearDown -->
  <testcase name="@AfterSuite tearDown" time="0.0" classname="bluAndroid.bluAndroid.util.BaseClass">
    <ignored/>
  </testcase> <!-- @AfterSuite tearDown -->
  <testcase name="tc05_maximumInvalidLoginAttemptError" time="0.0" classname="bluAndroid.bluAndroid.TestScripts.BluLoginTestRunner">
    <ignored/>
  </testcase> <!-- tc05_maximumInvalidLoginAttemptError -->
</testsuite> <!-- order -->
